#
# There is insufficient memory for the Java Runtime Environment to continue.
# Native memory allocation (mmap) failed to map 65536 bytes for Failed to commit metaspace.
# Possible reasons:
#   The system is out of physical RAM or swap space
#   The process is running with CompressedOops enabled, and the Java Heap may be blocking the growth of the native heap
# Possible solutions:
#   Reduce memory load on the system
#   Increase physical memory or swap space
#   Check if swap backing store is full
#   Decrease Java heap size (-Xmx/-Xms)
#   Decrease number of Java threads
#   Decrease Java thread stack sizes (-Xss)
#   Set larger code cache with -XX:ReservedCodeCacheSize=
#   JVM is running with Zero Based Compressed Oops mode in which the Java heap is
#     placed in the first 32GB address space. The Java Heap base address is the
#     maximum limit for the native heap growth. Please use -XX:HeapBaseMinAddress
#     to set the Java Heap base and to place the Java Heap above 32GB virtual address.
# This output file may be truncated or incomplete.
#
#  Out of Memory Error (virtualSpaceNode.cpp:110), pid=8244, tid=9716
#
# JRE version: OpenJDK Runtime Environment (17.0.6) (build 17.0.6+0-b2043.56-9586694)
# Java VM: OpenJDK 64-Bit Server VM (17.0.6+0-b2043.56-9586694, mixed mode, tiered, compressed oops, compressed class ptrs, g1 gc, windows-amd64)
# No core dump will be written. Minidumps are not enabled by default on client versions of Windows
#

---------------  S U M M A R Y ------------

Command Line: -Dorg.gradle.appname=gradlew org.gradle.wrapper.GradleWrapperMain -q -Ptarget-platform=android-x86 -Ptarget=C:\Users\chid_\Downloads\loginSignup-master\loginSignup-master\lib\main.dart -Pbase-application-name=android.app.Application -Pdart-defines=RkxVVFRFUl9XRUJfQVVUT19ERVRFQ1Q9dHJ1ZQ== -Pdart-obfuscation=false -Ptrack-widget-creation=true -Ptree-shake-icons=false -Pfilesystem-scheme=org-dartlang-root assembleDebug

Host: Intel(R) Core(TM) i5-8300H CPU @ 2.30GHz, 8 cores, 15G,  Windows 10 , 64 bit Build 19041 (10.0.19041.2788)
Time: Sun Apr 23 23:36:31 2023 SE Asia Standard Time elapsed time: 1.350220 seconds (0d 0h 0m 1s)

---------------  T H R E A D  ---------------

Current thread (0x00000239e74cb640):  JavaThread "main" [_thread_in_vm, id=9716, stack(0x0000004bc4500000,0x0000004bc4600000)]

Stack: [0x0000004bc4500000,0x0000004bc4600000]
Native frames: (J=compiled Java code, j=interpreted, Vv=VM code, C=native code)
V  [jvm.dll+0x683b4a]
V  [jvm.dll+0x842654]
V  [jvm.dll+0x843dfe]
V  [jvm.dll+0x844463]
V  [jvm.dll+0x249b75]
V  [jvm.dll+0x83e6ab]
V  [jvm.dll+0x627fa6]
V  [jvm.dll+0x1c194e]
V  [jvm.dll+0x62a8e1]
V  [jvm.dll+0x628946]
V  [jvm.dll+0x632777]
V  [jvm.dll+0x1eda2b]
V  [jvm.dll+0x1edf65]
V  [jvm.dll+0x1ee884]
V  [jvm.dll+0x1e3dcc]
V  [jvm.dll+0x547f8d]
V  [jvm.dll+0x7bd285]
V  [jvm.dll+0x7bd39e]
V  [jvm.dll+0x4117ca]
V  [jvm.dll+0x417949]
C  [java.dll+0x17ec]

Java frames: (J=compiled Java code, j=interpreted, Vv=VM code)
j  java.lang.ClassLoader.defineClass1(Ljava/lang/ClassLoader;Ljava/lang/String;[BIILjava/security/ProtectionDomain;Ljava/lang/String;)Ljava/lang/Class;+0 java.base@17.0.6
j  java.lang.ClassLoader.defineClass(Ljava/lang/String;[BIILjava/security/ProtectionDomain;)Ljava/lang/Class;+27 java.base@17.0.6
j  java.security.SecureClassLoader.defineClass(Ljava/lang/String;[BIILjava/security/CodeSource;)Ljava/lang/Class;+12 java.base@17.0.6
j  java.net.URLClassLoader.defineClass(Ljava/lang/String;Ljdk/internal/loader/Resource;)Ljava/lang/Class;+220 java.base@17.0.6
j  java.net.URLClassLoader$1.run()Ljava/lang/Class;+43 java.base@17.0.6
j  java.net.URLClassLoader$1.run()Ljava/lang/Object;+1 java.base@17.0.6
J 614 c1 java.security.AccessController.doPrivileged(Ljava/security/PrivilegedExceptionAction;Ljava/security/AccessControlContext;)Ljava/lang/Object; java.base@17.0.6 (26 bytes) @ 0x00000239ec26eb7c [0x00000239ec26e9a0+0x00000000000001dc]
J 697 c1 java.net.URLClassLoader.findClass(Ljava/lang/String;)Ljava/lang/Class; java.base@17.0.6 (47 bytes) @ 0x00000239ec29dea4 [0x00000239ec29dd00+0x00000000000001a4]
J 583 c1 java.lang.ClassLoader.loadClass(Ljava/lang/String;Z)Ljava/lang/Class; java.base@17.0.6 (121 bytes) @ 0x00000239ec25ec74 [0x00000239ec25e6c0+0x00000000000005b4]
J 575 c1 java.lang.ClassLoader.loadClass(Ljava/lang/String;)Ljava/lang/Class; java.base@17.0.6 (7 bytes) @ 0x00000239ec25bb4c [0x00000239ec25ba40+0x000000000000010c]
v  ~StubRoutines::call_stub
j  org.gradle.internal.logging.services.LoggingServiceRegistry.createLoggingManagerFactory()Lorg/gradle/internal/logging/services/DefaultLoggingManagerFactory;+8
v  ~StubRoutines::call_stub
j  jdk.internal.reflect.NativeMethodAccessorImpl.invoke0(Ljava/lang/reflect/Method;Ljava/lang/Object;[Ljava/lang/Object;)Ljava/lang/Object;+0 java.base@17.0.6
j  jdk.internal.reflect.NativeMethodAccessorImpl.invoke(Ljava/lang/Object;[Ljava/lang/Object;)Ljava/lang/Object;+133 java.base@17.0.6
j  jdk.internal.reflect.DelegatingMethodAccessorImpl.invoke(Ljava/lang/Object;[Ljava/lang/Object;)Ljava/lang/Object;+6 java.base@17.0.6
j  java.lang.reflect.Method.invoke(Ljava/lang/Object;[Ljava/lang/Object;)Ljava/lang/Object;+59 java.base@17.0.6
j  org.gradle.internal.reflect.JavaMethod.invoke(Ljava/lang/Object;[Ljava/lang/Object;)Ljava/lang/Object;+6
j  org.gradle.internal.service.ReflectionBasedServiceMethod.invoke(Ljava/lang/Object;[Ljava/lang/Object;)Ljava/lang/Object;+6
j  org.gradle.internal.service.DefaultServiceRegistry$FactoryMethodService.invokeMethod([Ljava/lang/Object;)Ljava/lang/Object;+9
j  org.gradle.internal.service.DefaultServiceRegistry$FactoryService.createServiceInstance()Ljava/lang/Object;+7
j  org.gradle.internal.service.DefaultServiceRegistry$ManagedObjectServiceProvider.getInstance()Ljava/lang/Object;+24
j  org.gradle.internal.service.DefaultServiceRegistry$SingletonService.get()Ljava/lang/Object;+1
j  org.gradle.internal.service.DefaultServiceRegistry.find(Ljava/lang/reflect/Type;)Ljava/lang/Object;+22
j  org.gradle.internal.service.DefaultServiceRegistry.get(Ljava/lang/reflect/Type;)Ljava/lang/Object;+2
j  org.gradle.internal.service.DefaultServiceRegistry.get(Ljava/lang/Class;)Ljava/lang/Object;+3
j  org.gradle.internal.logging.services.LoggingServiceRegistry.newCommandLineProcessLogging()Lorg/gradle/internal/logging/services/LoggingServiceRegistry;+12
j  org.gradle.launcher.cli.DefaultCommandLineActionFactory.createLoggingServices()Lorg/gradle/internal/service/ServiceRegistry;+0
j  org.gradle.launcher.cli.DefaultCommandLineActionFactory.convert(Ljava/util/List;)Lorg/gradle/launcher/bootstrap/CommandLineActionFactory$CommandLineExecution;+1
j  org.gradle.launcher.Main.doAction([Ljava/lang/String;Lorg/gradle/launcher/bootstrap/ExecutionListener;)V+8
j  org.gradle.launcher.bootstrap.EntryPoint.run([Ljava/lang/String;)V+12
v  ~StubRoutines::call_stub
j  jdk.internal.reflect.NativeMethodAccessorImpl.invoke0(Ljava/lang/reflect/Method;Ljava/lang/Object;[Ljava/lang/Object;)Ljava/lang/Object;+0 java.base@17.0.6
j  jdk.internal.reflect.NativeMethodAccessorImpl.invoke(Ljava/lang/Object;[Ljava/lang/Object;)Ljava/lang/Object;+133 java.base@17.0.6
j  jdk.internal.reflect.DelegatingMethodAccessorImpl.invoke(Ljava/lang/Object;[Ljava/lang/Object;)Ljava/lang/Object;+6 java.base@17.0.6
j  java.lang.reflect.Method.invoke(Ljava/lang/Object;[Ljava/lang/Object;)Ljava/lang/Object;+59 java.base@17.0.6
j  org.gradle.launcher.bootstrap.ProcessBootstrap.runNoExit(Ljava/lang/String;[Ljava/lang/String;)V+159
j  org.gradle.launcher.bootstrap.ProcessBootstrap.run(Ljava/lang/String;[Ljava/lang/String;)V+2
v  ~StubRoutines::call_stub
j  jdk.internal.reflect.NativeMethodAccessorImpl.invoke0(Ljava/lang/reflect/Method;Ljava/lang/Object;[Ljava/lang/Object;)Ljava/lang/Object;+0 java.base@17.0.6
j  jdk.internal.reflect.NativeMethodAccessorImpl.invoke(Ljava/lang/Object;[Ljava/lang/Object;)Ljava/lang/Object;+133 java.base@17.0.6
j  jdk.internal.reflect.DelegatingMethodAccessorImpl.invoke(Ljava/lang/Object;[Ljava/lang/Object;)Ljava/lang/Object;+6 java.base@17.0.6
j  java.lang.reflect.Method.invoke(Ljava/lang/Object;[Ljava/lang/Object;)Ljava/lang/Object;+59 java.base@17.0.6
j  org.gradle.launcher.GradleMain.main([Ljava/lang/String;)V+100
v  ~StubRoutines::call_stub
j  jdk.internal.reflect.NativeMethodAccessorImpl.invoke0(Ljava/lang/reflect/Method;Ljava/lang/Object;[Ljava/lang/Object;)Ljava/lang/Object;+0 java.base@17.0.6
j  jdk.internal.reflect.NativeMethodAccessorImpl.invoke(Ljava/lang/Object;[Ljava/lang/Object;)Ljava/lang/Object;+133 java.base@17.0.6
j  jdk.internal.reflect.DelegatingMethodAccessorImpl.invoke(Ljava/lang/Object;[Ljava/lang/Object;)Ljava/lang/Object;+6 java.base@17.0.6
j  java.lang.reflect.Method.invoke(Ljava/lang/Object;[Ljava/lang/Object;)Ljava/lang/Object;+59 java.base@17.0.6
j  org.gradle.wrapper.BootstrapMainStarter.start([Ljava/lang/String;Ljava/io/File;)V+82
j  org.gradle.wrapper.WrapperExecutor.execute([Ljava/lang/String;Lorg/gradle/wrapper/Install;Lorg/gradle/wrapper/BootstrapMainStarter;)V+14
j  org.gradle.wrapper.GradleWrapperMain.main([Ljava/lang/String;)V+190
v  ~StubRoutines::call_stub

---------------  P R O C E S S  ---------------

Threads class SMR info:
_java_thread_list=0x0000023988cc8210, length=13, elements={
0x00000239e74cb640, 0x0000023988856620, 0x0000023988857620, 0x000002398887c130,
0x000002398887cbf0, 0x000002398887f4c0, 0x000002398887fd80, 0x0000023988883f20,
0x00000239888848d0, 0x00000239888919c0, 0x00000239889feaf0, 0x0000023988a13010,
0x0000023988bf8b10
}

Java Threads: ( => current thread )
=>0x00000239e74cb640 JavaThread "main" [_thread_in_vm, id=9716, stack(0x0000004bc4500000,0x0000004bc4600000)]
  0x0000023988856620 JavaThread "Reference Handler" daemon [_thread_blocked, id=19492, stack(0x0000004bc4c00000,0x0000004bc4d00000)]
  0x0000023988857620 JavaThread "Finalizer" daemon [_thread_blocked, id=11156, stack(0x0000004bc4d00000,0x0000004bc4e00000)]
  0x000002398887c130 JavaThread "Signal Dispatcher" daemon [_thread_blocked, id=23608, stack(0x0000004bc4f00000,0x0000004bc5000000)]
  0x000002398887cbf0 JavaThread "Attach Listener" daemon [_thread_blocked, id=11140, stack(0x0000004bc5000000,0x0000004bc5100000)]
  0x000002398887f4c0 JavaThread "Service Thread" daemon [_thread_blocked, id=6316, stack(0x0000004bc5100000,0x0000004bc5200000)]
  0x000002398887fd80 JavaThread "Monitor Deflation Thread" daemon [_thread_blocked, id=20616, stack(0x0000004bc5200000,0x0000004bc5300000)]
  0x0000023988883f20 JavaThread "C2 CompilerThread0" daemon [_thread_blocked, id=11004, stack(0x0000004bc5300000,0x0000004bc5400000)]
  0x00000239888848d0 JavaThread "C1 CompilerThread0" daemon [_thread_blocked, id=16380, stack(0x0000004bc5400000,0x0000004bc5500000)]
  0x00000239888919c0 JavaThread "Sweeper thread" daemon [_thread_blocked, id=14548, stack(0x0000004bc5500000,0x0000004bc5600000)]
  0x00000239889feaf0 JavaThread "Notification Thread" daemon [_thread_blocked, id=13848, stack(0x0000004bc5600000,0x0000004bc5700000)]
  0x0000023988a13010 JavaThread "Common-Cleaner" daemon [_thread_blocked, id=22688, stack(0x0000004bc5800000,0x0000004bc5900000)]
  0x0000023988bf8b10 JavaThread "C2 CompilerThread1" daemon [_thread_blocked, id=18932, stack(0x0000004bc5900000,0x0000004bc5a00000)]

Other Threads:
  0x000002398882d070 VMThread "VM Thread" [stack: 0x0000004bc4b00000,0x0000004bc4c00000] [id=7744]
  0x00000239889fefc0 WatcherThread [stack: 0x0000004bc5700000,0x0000004bc5800000] [id=4268]
  0x00000239e7538420 GCTaskThread "GC Thread#0" [stack: 0x0000004bc4600000,0x0000004bc4700000] [id=2088]
  0x00000239e7549030 ConcurrentGCThread "G1 Main Marker" [stack: 0x0000004bc4700000,0x0000004bc4800000] [id=8344]
  0x00000239e754a960 ConcurrentGCThread "G1 Conc#0" [stack: 0x0000004bc4800000,0x0000004bc4900000] [id=20156]
  0x00000239ffd424d0 ConcurrentGCThread "G1 Refine#0" [stack: 0x0000004bc4900000,0x0000004bc4a00000] [id=6736]
  0x00000239e759c1a0 ConcurrentGCThread "G1 Service" [stack: 0x0000004bc4a00000,0x0000004bc4b00000] [id=2484]

Threads with active compile tasks:

VM state: not at safepoint (normal execution)

VM Mutex/Monitor currently owned by a thread:  ([mutex/lock_event])
[0x00000239e735ad30] Metaspace_lock - owner thread: 0x00000239e74cb640

Heap address: 0x0000000702400000, size: 4060 MB, Compressed Oops mode: Zero based, Oop shift amount: 3

CDS archive(s) not mapped
Compressed class space mapped at: 0x0000000800000000-0x0000000840000000, reserved size: 1073741824
Narrow klass base: 0x0000000800000000, Narrow klass shift: 0, Narrow klass range: 0x40000000

GC Precious Log:
 CPUs: 8 total, 8 available
 Memory: 16239M
 Large Page Support: Disabled
 NUMA Support: Disabled
 Compressed Oops: Enabled (Zero based)
 Heap Region Size: 2M
 Heap Min Capacity: 8M
 Heap Initial Capacity: 254M
 Heap Max Capacity: 4060M
 Pre-touch: Disabled
 Parallel Workers: 8
 Concurrent Workers: 2
 Concurrent Refinement Workers: 8
 Periodic GC: Disabled

Heap:
 garbage-first heap   total 260096K, used 22528K [0x0000000702400000, 0x0000000800000000)
  region size 2048K, 9 young (18432K), 0 survivors (0K)
 Metaspace       used 9228K, committed 9408K, reserved 1064960K
  class space    used 848K, committed 960K, reserved 1048576K

Heap Regions: E=young(eden), S=young(survivor), O=old, HS=humongous(starts), HC=humongous(continues), CS=collection set, F=free, OA=open archive, CA=closed archive, TAMS=top-at-mark-start (previous, next)
|   0|0x0000000702400000, 0x0000000702600000, 0x0000000702600000|100%|HS|  |TAMS 0x0000000702400000, 0x0000000702400000| Complete 
|   1|0x0000000702600000, 0x0000000702800000, 0x0000000702800000|100%|HC|  |TAMS 0x0000000702600000, 0x0000000702600000| Complete 
|   2|0x0000000702800000, 0x0000000702a00000, 0x0000000702a00000|100%|HS|  |TAMS 0x0000000702800000, 0x0000000702800000| Complete 
|   3|0x0000000702a00000, 0x0000000702c00000, 0x0000000702c00000|100%|HC|  |TAMS 0x0000000702a00000, 0x0000000702a00000| Complete 
|   4|0x0000000702c00000, 0x0000000702c00000, 0x0000000702e00000|  0%| F|  |TAMS 0x0000000702c00000, 0x0000000702c00000| Untracked 
|   5|0x0000000702e00000, 0x0000000702e00000, 0x0000000703000000|  0%| F|  |TAMS 0x0000000702e00000, 0x0000000702e00000| Untracked 
|   6|0x0000000703000000, 0x0000000703000000, 0x0000000703200000|  0%| F|  |TAMS 0x0000000703000000, 0x0000000703000000| Untracked 
|   7|0x0000000703200000, 0x0000000703200000, 0x0000000703400000|  0%| F|  |TAMS 0x0000000703200000, 0x0000000703200000| Untracked 
|   8|0x0000000703400000, 0x0000000703400000, 0x0000000703600000|  0%| F|  |TAMS 0x0000000703400000, 0x0000000703400000| Untracked 
|   9|0x0000000703600000, 0x0000000703600000, 0x0000000703800000|  0%| F|  |TAMS 0x0000000703600000, 0x0000000703600000| Untracked 
|  10|0x0000000703800000, 0x0000000703800000, 0x0000000703a00000|  0%| F|  |TAMS 0x0000000703800000, 0x0000000703800000| Untracked 
|  11|0x0000000703a00000, 0x0000000703a00000, 0x0000000703c00000|  0%| F|  |TAMS 0x0000000703a00000, 0x0000000703a00000| Untracked 
|  12|0x0000000703c00000, 0x0000000703c00000, 0x0000000703e00000|  0%| F|  |TAMS 0x0000000703c00000, 0x0000000703c00000| Untracked 
|  13|0x0000000703e00000, 0x0000000703e00000, 0x0000000704000000|  0%| F|  |TAMS 0x0000000703e00000, 0x0000000703e00000| Untracked 
|  14|0x0000000704000000, 0x0000000704000000, 0x0000000704200000|  0%| F|  |TAMS 0x0000000704000000, 0x0000000704000000| Untracked 
|  15|0x0000000704200000, 0x0000000704200000, 0x0000000704400000|  0%| F|  |TAMS 0x0000000704200000, 0x0000000704200000| Untracked 
|  16|0x0000000704400000, 0x0000000704400000, 0x0000000704600000|  0%| F|  |TAMS 0x0000000704400000, 0x0000000704400000| Untracked 
|  17|0x0000000704600000, 0x0000000704600000, 0x0000000704800000|  0%| F|  |TAMS 0x0000000704600000, 0x0000000704600000| Untracked 
|  18|0x0000000704800000, 0x0000000704800000, 0x0000000704a00000|  0%| F|  |TAMS 0x0000000704800000, 0x0000000704800000| Untracked 
|  19|0x0000000704a00000, 0x0000000704a00000, 0x0000000704c00000|  0%| F|  |TAMS 0x0000000704a00000, 0x0000000704a00000| Untracked 
|  20|0x0000000704c00000, 0x0000000704c00000, 0x0000000704e00000|  0%| F|  |TAMS 0x0000000704c00000, 0x0000000704c00000| Untracked 
|  21|0x0000000704e00000, 0x0000000704e00000, 0x0000000705000000|  0%| F|  |TAMS 0x0000000704e00000, 0x0000000704e00000| Untracked 
|  22|0x0000000705000000, 0x0000000705000000, 0x0000000705200000|  0%| F|  |TAMS 0x0000000705000000, 0x0000000705000000| Untracked 
|  23|0x0000000705200000, 0x0000000705200000, 0x0000000705400000|  0%| F|  |TAMS 0x0000000705200000, 0x0000000705200000| Untracked 
|  24|0x0000000705400000, 0x0000000705400000, 0x0000000705600000|  0%| F|  |TAMS 0x0000000705400000, 0x0000000705400000| Untracked 
|  25|0x0000000705600000, 0x0000000705600000, 0x0000000705800000|  0%| F|  |TAMS 0x0000000705600000, 0x0000000705600000| Untracked 
|  26|0x0000000705800000, 0x0000000705800000, 0x0000000705a00000|  0%| F|  |TAMS 0x0000000705800000, 0x0000000705800000| Untracked 
|  27|0x0000000705a00000, 0x0000000705a00000, 0x0000000705c00000|  0%| F|  |TAMS 0x0000000705a00000, 0x0000000705a00000| Untracked 
|  28|0x0000000705c00000, 0x0000000705c00000, 0x0000000705e00000|  0%| F|  |TAMS 0x0000000705c00000, 0x0000000705c00000| Untracked 
|  29|0x0000000705e00000, 0x0000000705e00000, 0x0000000706000000|  0%| F|  |TAMS 0x0000000705e00000, 0x0000000705e00000| Untracked 
|  30|0x0000000706000000, 0x0000000706000000, 0x0000000706200000|  0%| F|  |TAMS 0x0000000706000000, 0x0000000706000000| Untracked 
|  31|0x0000000706200000, 0x0000000706200000, 0x0000000706400000|  0%| F|  |TAMS 0x0000000706200000, 0x0000000706200000| Untracked 
|  32|0x0000000706400000, 0x0000000706400000, 0x0000000706600000|  0%| F|  |TAMS 0x0000000706400000, 0x0000000706400000| Untracked 
|  33|0x0000000706600000, 0x0000000706600000, 0x0000000706800000|  0%| F|  |TAMS 0x0000000706600000, 0x0000000706600000| Untracked 
|  34|0x0000000706800000, 0x0000000706800000, 0x0000000706a00000|  0%| F|  |TAMS 0x0000000706800000, 0x0000000706800000| Untracked 
|  35|0x0000000706a00000, 0x0000000706a00000, 0x0000000706c00000|  0%| F|  |TAMS 0x0000000706a00000, 0x0000000706a00000| Untracked 
|  36|0x0000000706c00000, 0x0000000706c00000, 0x0000000706e00000|  0%| F|  |TAMS 0x0000000706c00000, 0x0000000706c00000| Untracked 
|  37|0x0000000706e00000, 0x0000000706e00000, 0x0000000707000000|  0%| F|  |TAMS 0x0000000706e00000, 0x0000000706e00000| Untracked 
|  38|0x0000000707000000, 0x0000000707000000, 0x0000000707200000|  0%| F|  |TAMS 0x0000000707000000, 0x0000000707000000| Untracked 
|  39|0x0000000707200000, 0x0000000707200000, 0x0000000707400000|  0%| F|  |TAMS 0x0000000707200000, 0x0000000707200000| Untracked 
|  40|0x0000000707400000, 0x0000000707400000, 0x0000000707600000|  0%| F|  |TAMS 0x0000000707400000, 0x0000000707400000| Untracked 
|  41|0x0000000707600000, 0x0000000707600000, 0x0000000707800000|  0%| F|  |TAMS 0x0000000707600000, 0x0000000707600000| Untracked 
|  42|0x0000000707800000, 0x0000000707800000, 0x0000000707a00000|  0%| F|  |TAMS 0x0000000707800000, 0x0000000707800000| Untracked 
|  43|0x0000000707a00000, 0x0000000707a00000, 0x0000000707c00000|  0%| F|  |TAMS 0x0000000707a00000, 0x0000000707a00000| Untracked 
|  44|0x0000000707c00000, 0x0000000707c00000, 0x0000000707e00000|  0%| F|  |TAMS 0x0000000707c00000, 0x0000000707c00000| Untracked 
|  45|0x0000000707e00000, 0x0000000707e00000, 0x0000000708000000|  0%| F|  |TAMS 0x0000000707e00000, 0x0000000707e00000| Untracked 
|  46|0x0000000708000000, 0x0000000708000000, 0x0000000708200000|  0%| F|  |TAMS 0x0000000708000000, 0x0000000708000000| Untracked 
|  47|0x0000000708200000, 0x0000000708200000, 0x0000000708400000|  0%| F|  |TAMS 0x0000000708200000, 0x0000000708200000| Untracked 
|  48|0x0000000708400000, 0x0000000708400000, 0x0000000708600000|  0%| F|  |TAMS 0x0000000708400000, 0x0000000708400000| Untracked 
|  49|0x0000000708600000, 0x0000000708600000, 0x0000000708800000|  0%| F|  |TAMS 0x0000000708600000, 0x0000000708600000| Untracked 
|  50|0x0000000708800000, 0x0000000708800000, 0x0000000708a00000|  0%| F|  |TAMS 0x0000000708800000, 0x0000000708800000| Untracked 
|  51|0x0000000708a00000, 0x0000000708a00000, 0x0000000708c00000|  0%| F|  |TAMS 0x0000000708a00000, 0x0000000708a00000| Untracked 
|  52|0x0000000708c00000, 0x0000000708c00000, 0x0000000708e00000|  0%| F|  |TAMS 0x0000000708c00000, 0x0000000708c00000| Untracked 
|  53|0x0000000708e00000, 0x0000000708e00000, 0x0000000709000000|  0%| F|  |TAMS 0x0000000708e00000, 0x0000000708e00000| Untracked 
|  54|0x0000000709000000, 0x0000000709000000, 0x0000000709200000|  0%| F|  |TAMS 0x0000000709000000, 0x0000000709000000| Untracked 
|  55|0x0000000709200000, 0x0000000709200000, 0x0000000709400000|  0%| F|  |TAMS 0x0000000709200000, 0x0000000709200000| Untracked 
|  56|0x0000000709400000, 0x0000000709400000, 0x0000000709600000|  0%| F|  |TAMS 0x0000000709400000, 0x0000000709400000| Untracked 
|  57|0x0000000709600000, 0x0000000709600000, 0x0000000709800000|  0%| F|  |TAMS 0x0000000709600000, 0x0000000709600000| Untracked 
|  58|0x0000000709800000, 0x0000000709800000, 0x0000000709a00000|  0%| F|  |TAMS 0x0000000709800000, 0x0000000709800000| Untracked 
|  59|0x0000000709a00000, 0x0000000709a00000, 0x0000000709c00000|  0%| F|  |TAMS 0x0000000709a00000, 0x0000000709a00000| Untracked 
|  60|0x0000000709c00000, 0x0000000709c00000, 0x0000000709e00000|  0%| F|  |TAMS 0x0000000709c00000, 0x0000000709c00000| Untracked 
|  61|0x0000000709e00000, 0x0000000709e00000, 0x000000070a000000|  0%| F|  |TAMS 0x0000000709e00000, 0x0000000709e00000| Untracked 
|  62|0x000000070a000000, 0x000000070a000000, 0x000000070a200000|  0%| F|  |TAMS 0x000000070a000000, 0x000000070a000000| Untracked 
|  63|0x000000070a200000, 0x000000070a200000, 0x000000070a400000|  0%| F|  |TAMS 0x000000070a200000, 0x000000070a200000| Untracked 
|  64|0x000000070a400000, 0x000000070a400000, 0x000000070a600000|  0%| F|  |TAMS 0x000000070a400000, 0x000000070a400000| Untracked 
|  65|0x000000070a600000, 0x000000070a600000, 0x000000070a800000|  0%| F|  |TAMS 0x000000070a600000, 0x000000070a600000| Untracked 
|  66|0x000000070a800000, 0x000000070a800000, 0x000000070aa00000|  0%| F|  |TAMS 0x000000070a800000, 0x000000070a800000| Untracked 
|  67|0x000000070aa00000, 0x000000070aa00000, 0x000000070ac00000|  0%| F|  |TAMS 0x000000070aa00000, 0x000000070aa00000| Untracked 
|  68|0x000000070ac00000, 0x000000070ac00000, 0x000000070ae00000|  0%| F|  |TAMS 0x000000070ac00000, 0x000000070ac00000| Untracked 
|  69|0x000000070ae00000, 0x000000070ae00000, 0x000000070b000000|  0%| F|  |TAMS 0x000000070ae00000, 0x000000070ae00000| Untracked 
|  70|0x000000070b000000, 0x000000070b000000, 0x000000070b200000|  0%| F|  |TAMS 0x000000070b000000, 0x000000070b000000| Untracked 
|  71|0x000000070b200000, 0x000000070b200000, 0x000000070b400000|  0%| F|  |TAMS 0x000000070b200000, 0x000000070b200000| Untracked 
|  72|0x000000070b400000, 0x000000070b400000, 0x000000070b600000|  0%| F|  |TAMS 0x000000070b400000, 0x000000070b400000| Untracked 
|  73|0x000000070b600000, 0x000000070b600000, 0x000000070b800000|  0%| F|  |TAMS 0x000000070b600000, 0x000000070b600000| Untracked 
|  74|0x000000070b800000, 0x000000070b800000, 0x000000070ba00000|  0%| F|  |TAMS 0x000000070b800000, 0x000000070b800000| Untracked 
|  75|0x000000070ba00000, 0x000000070ba00000, 0x000000070bc00000|  0%| F|  |TAMS 0x000000070ba00000, 0x000000070ba00000| Untracked 
|  76|0x000000070bc00000, 0x000000070bc00000, 0x000000070be00000|  0%| F|  |TAMS 0x000000070bc00000, 0x000000070bc00000| Untracked 
|  77|0x000000070be00000, 0x000000070be00000, 0x000000070c000000|  0%| F|  |TAMS 0x000000070be00000, 0x000000070be00000| Untracked 
|  78|0x000000070c000000, 0x000000070c000000, 0x000000070c200000|  0%| F|  |TAMS 0x000000070c000000, 0x000000070c000000| Untracked 
|  79|0x000000070c200000, 0x000000070c200000, 0x000000070c400000|  0%| F|  |TAMS 0x000000070c200000, 0x000000070c200000| Untracked 
|  80|0x000000070c400000, 0x000000070c400000, 0x000000070c600000|  0%| F|  |TAMS 0x000000070c400000, 0x000000070c400000| Untracked 
|  81|0x000000070c600000, 0x000000070c600000, 0x000000070c800000|  0%| F|  |TAMS 0x000000070c600000, 0x000000070c600000| Untracked 
|  82|0x000000070c800000, 0x000000070c800000, 0x000000070ca00000|  0%| F|  |TAMS 0x000000070c800000, 0x000000070c800000| Untracked 
|  83|0x000000070ca00000, 0x000000070ca00000, 0x000000070cc00000|  0%| F|  |TAMS 0x000000070ca00000, 0x000000070ca00000| Untracked 
|  84|0x000000070cc00000, 0x000000070cc00000, 0x000000070ce00000|  0%| F|  |TAMS 0x000000070cc00000, 0x000000070cc00000| Untracked 
|  85|0x000000070ce00000, 0x000000070ce00000, 0x000000070d000000|  0%| F|  |TAMS 0x000000070ce00000, 0x000000070ce00000| Untracked 
|  86|0x000000070d000000, 0x000000070d000000, 0x000000070d200000|  0%| F|  |TAMS 0x000000070d000000, 0x000000070d000000| Untracked 
|  87|0x000000070d200000, 0x000000070d200000, 0x000000070d400000|  0%| F|  |TAMS 0x000000070d200000, 0x000000070d200000| Untracked 
|  88|0x000000070d400000, 0x000000070d400000, 0x000000070d600000|  0%| F|  |TAMS 0x000000070d400000, 0x000000070d400000| Untracked 
|  89|0x000000070d600000, 0x000000070d600000, 0x000000070d800000|  0%| F|  |TAMS 0x000000070d600000, 0x000000070d600000| Untracked 
|  90|0x000000070d800000, 0x000000070d800000, 0x000000070da00000|  0%| F|  |TAMS 0x000000070d800000, 0x000000070d800000| Untracked 
|  91|0x000000070da00000, 0x000000070da00000, 0x000000070dc00000|  0%| F|  |TAMS 0x000000070da00000, 0x000000070da00000| Untracked 
|  92|0x000000070dc00000, 0x000000070dc00000, 0x000000070de00000|  0%| F|  |TAMS 0x000000070dc00000, 0x000000070dc00000| Untracked 
|  93|0x000000070de00000, 0x000000070de00000, 0x000000070e000000|  0%| F|  |TAMS 0x000000070de00000, 0x000000070de00000| Untracked 
|  94|0x000000070e000000, 0x000000070e000000, 0x000000070e200000|  0%| F|  |TAMS 0x000000070e000000, 0x000000070e000000| Untracked 
|  95|0x000000070e200000, 0x000000070e200000, 0x000000070e400000|  0%| F|  |TAMS 0x000000070e200000, 0x000000070e200000| Untracked 
|  96|0x000000070e400000, 0x000000070e400000, 0x000000070e600000|  0%| F|  |TAMS 0x000000070e400000, 0x000000070e400000| Untracked 
|  97|0x000000070e600000, 0x000000070e600000, 0x000000070e800000|  0%| F|  |TAMS 0x000000070e600000, 0x000000070e600000| Untracked 
|  98|0x000000070e800000, 0x000000070e800000, 0x000000070ea00000|  0%| F|  |TAMS 0x000000070e800000, 0x000000070e800000| Untracked 
|  99|0x000000070ea00000, 0x000000070ea00000, 0x000000070ec00000|  0%| F|  |TAMS 0x000000070ea00000, 0x000000070ea00000| Untracked 
| 100|0x000000070ec00000, 0x000000070ec00000, 0x000000070ee00000|  0%| F|  |TAMS 0x000000070ec00000, 0x000000070ec00000| Untracked 
| 101|0x000000070ee00000, 0x000000070ee00000, 0x000000070f000000|  0%| F|  |TAMS 0x000000070ee00000, 0x000000070ee00000| Untracked 
| 102|0x000000070f000000, 0x000000070f000000, 0x000000070f200000|  0%| F|  |TAMS 0x000000070f000000, 0x000000070f000000| Untracked 
| 103|0x000000070f200000, 0x000000070f200000, 0x000000070f400000|  0%| F|  |TAMS 0x000000070f200000, 0x000000070f200000| Untracked 
| 104|0x000000070f400000, 0x000000070f400000, 0x000000070f600000|  0%| F|  |TAMS 0x000000070f400000, 0x000000070f400000| Untracked 
| 105|0x000000070f600000, 0x000000070f600000, 0x000000070f800000|  0%| F|  |TAMS 0x000000070f600000, 0x000000070f600000| Untracked 
| 106|0x000000070f800000, 0x000000070f800000, 0x000000070fa00000|  0%| F|  |TAMS 0x000000070f800000, 0x000000070f800000| Untracked 
| 107|0x000000070fa00000, 0x000000070fa00000, 0x000000070fc00000|  0%| F|  |TAMS 0x000000070fa00000, 0x000000070fa00000| Untracked 
| 108|0x000000070fc00000, 0x000000070fc00000, 0x000000070fe00000|  0%| F|  |TAMS 0x000000070fc00000, 0x000000070fc00000| Untracked 
| 109|0x000000070fe00000, 0x000000070fe00000, 0x0000000710000000|  0%| F|  |TAMS 0x000000070fe00000, 0x000000070fe00000| Untracked 
| 110|0x0000000710000000, 0x0000000710000000, 0x0000000710200000|  0%| F|  |TAMS 0x0000000710000000, 0x0000000710000000| Untracked 
| 111|0x0000000710200000, 0x0000000710200000, 0x0000000710400000|  0%| F|  |TAMS 0x0000000710200000, 0x0000000710200000| Untracked 
| 112|0x0000000710400000, 0x0000000710400000, 0x0000000710600000|  0%| F|  |TAMS 0x0000000710400000, 0x0000000710400000| Untracked 
| 113|0x0000000710600000, 0x0000000710600000, 0x0000000710800000|  0%| F|  |TAMS 0x0000000710600000, 0x0000000710600000| Untracked 
| 114|0x0000000710800000, 0x0000000710800000, 0x0000000710a00000|  0%| F|  |TAMS 0x0000000710800000, 0x0000000710800000| Untracked 
| 115|0x0000000710a00000, 0x0000000710a00000, 0x0000000710c00000|  0%| F|  |TAMS 0x0000000710a00000, 0x0000000710a00000| Untracked 
| 116|0x0000000710c00000, 0x0000000710c00000, 0x0000000710e00000|  0%| F|  |TAMS 0x0000000710c00000, 0x0000000710c00000| Untracked 
| 117|0x0000000710e00000, 0x0000000710e00000, 0x0000000711000000|  0%| F|  |TAMS 0x0000000710e00000, 0x0000000710e00000| Untracked 
| 118|0x0000000711000000, 0x0000000711200000, 0x0000000711200000|100%| E|  |TAMS 0x0000000711000000, 0x0000000711000000| Complete 
| 119|0x0000000711200000, 0x0000000711400000, 0x0000000711400000|100%| E|  |TAMS 0x0000000711200000, 0x0000000711200000| Complete 
| 120|0x0000000711400000, 0x0000000711600000, 0x0000000711600000|100%| E|CS|TAMS 0x0000000711400000, 0x0000000711400000| Complete 
| 121|0x0000000711600000, 0x0000000711800000, 0x0000000711800000|100%| E|CS|TAMS 0x0000000711600000, 0x0000000711600000| Complete 
| 122|0x0000000711800000, 0x0000000711a00000, 0x0000000711a00000|100%| E|CS|TAMS 0x0000000711800000, 0x0000000711800000| Complete 
| 123|0x0000000711a00000, 0x0000000711c00000, 0x0000000711c00000|100%| E|CS|TAMS 0x0000000711a00000, 0x0000000711a00000| Complete 
| 124|0x0000000711c00000, 0x0000000711e00000, 0x0000000711e00000|100%| E|CS|TAMS 0x0000000711c00000, 0x0000000711c00000| Complete 
| 125|0x0000000711e00000, 0x0000000712000000, 0x0000000712000000|100%| E|CS|TAMS 0x0000000711e00000, 0x0000000711e00000| Complete 
| 126|0x0000000712000000, 0x0000000712200000, 0x0000000712200000|100%| E|CS|TAMS 0x0000000712000000, 0x0000000712000000| Complete 

Card table byte_map: [0x00000239fc3d0000,0x00000239fcbc0000] _byte_map_base: 0x00000239f8bbe000

Marking Bits (Prev, Next): (CMBitMap*) 0x00000239e7538940, (CMBitMap*) 0x00000239e7538980
 Prev Bits: [0x0000023980000000, 0x0000023983f70000)
 Next Bits: [0x0000023983f70000, 0x0000023987ee0000)

Polling page: 0x00000239ec150000

Metaspace:

Usage:
  Non-class:      8.18 MB used.
      Class:    848.98 KB used.
       Both:      9.01 MB used.

Virtual space:
  Non-class space:       16.00 MB reserved,       8.25 MB ( 52%) committed,  2 nodes.
      Class space:        1.00 GB reserved,     960.00 KB ( <1%) committed,  1 nodes.
             Both:        1.02 GB reserved,       9.19 MB ( <1%) committed. 

Chunk freelists:
   Non-Class:  2.86 MB
       Class:  3.11 MB
        Both:  5.97 MB

MaxMetaspaceSize: unlimited
CompressedClassSpaceSize: 1.00 GB
Initial GC threshold: 21.00 MB
Current GC threshold: 21.00 MB
CDS: off
MetaspaceReclaimPolicy: balanced
 - commit_granule_bytes: 65536.
 - commit_granule_words: 8192.
 - virtual_space_node_default_size: 1048576.
 - enlarge_chunks_in_place: 1.
 - new_chunks_are_fully_committed: 0.
 - uncommit_free_chunks: 1.
 - use_allocation_guard: 0.
 - handle_deallocations: 1.


Internal statistics:

num_allocs_failed_limit: 0.
num_arena_births: 14.
num_arena_deaths: 0.
num_vsnodes_births: 3.
num_vsnodes_deaths: 0.
num_space_committed: 147.
num_space_uncommitted: 0.
num_chunks_returned_to_freelist: 0.
num_chunks_taken_from_freelist: 77.
num_chunk_merges: 0.
num_chunk_splits: 43.
num_chunks_enlarged: 36.
num_purges: 0.
num_inconsistent_stats: 0.

CodeHeap 'non-profiled nmethods': size=120000Kb used=252Kb max_used=252Kb free=119747Kb
 bounds [0x00000239f3c40000, 0x00000239f3eb0000, 0x00000239fb170000]
CodeHeap 'profiled nmethods': size=120000Kb used=1234Kb max_used=1234Kb free=118765Kb
 bounds [0x00000239ec170000, 0x00000239ec3e0000, 0x00000239f36a0000]
CodeHeap 'non-nmethods': size=5760Kb used=1126Kb max_used=1166Kb free=4633Kb
 bounds [0x00000239f36a0000, 0x00000239f3910000, 0x00000239f3c40000]
 total_blobs=1114 nmethods=705 adapters=322
 compilation: enabled
              stopped_count=0, restarted_count=0
 full_count=0

Compilation events (20 events):
Event: 1.330 Thread 0x0000023988883f20  693       4       java.lang.StringBuilder::append (8 bytes)
Event: 1.330 Thread 0x00000239888848d0  694       3       java.lang.ClassNotFoundException::<init> (7 bytes)
Event: 1.330 Thread 0x00000239888848d0 nmethod 694 0x00000239ec29d090 code [0x00000239ec29d240, 0x00000239ec29d448]
Event: 1.331 Thread 0x00000239888848d0  695  s    3       java.lang.Throwable::fillInStackTrace (29 bytes)
Event: 1.331 Thread 0x00000239888848d0 nmethod 695 0x00000239ec29d590 code [0x00000239ec29d740, 0x00000239ec29da48]
Event: 1.333 Thread 0x00000239888848d0  697   !   3       java.net.URLClassLoader::findClass (47 bytes)
Event: 1.333 Thread 0x00000239888848d0 nmethod 697 0x00000239ec29db10 code [0x00000239ec29dd00, 0x00000239ec29e368]
Event: 1.333 Thread 0x00000239888848d0  698       3       java.net.URLClassLoader$1::<init> (15 bytes)
Event: 1.333 Thread 0x00000239888848d0 nmethod 698 0x00000239ec29e590 code [0x00000239ec29e740, 0x00000239ec29e978]
Event: 1.335 Thread 0x00000239888848d0  699       3       java.security.CodeSource::getCertificates (98 bytes)
Event: 1.336 Thread 0x00000239888848d0 nmethod 699 0x00000239ec29ea10 code [0x00000239ec29ec80, 0x00000239ec29f8d8]
Event: 1.337 Thread 0x00000239888848d0  700   !   3       java.util.concurrent.ConcurrentHashMap::computeIfAbsent (576 bytes)
Event: 1.338 Thread 0x0000023988883f20 nmethod 693 0x00000239f3c7d990 code [0x00000239f3c7db40, 0x00000239f3c7e248]
Event: 1.340 Thread 0x00000239888848d0 nmethod 700 0x00000239ec29fc10 code [0x00000239ec2a0020, 0x00000239ec2a2438]
Event: 1.344 Thread 0x00000239888848d0  702       3       java.lang.ref.SoftReference::get (29 bytes)
Event: 1.344 Thread 0x00000239888848d0 nmethod 702 0x00000239ec2a3510 code [0x00000239ec2a36a0, 0x00000239ec2a3878]
Event: 1.345 Thread 0x0000023988bf8b10  704       4       java.util.concurrent.ConcurrentHashMap::setTabAt (20 bytes)
Event: 1.346 Thread 0x00000239888848d0  705   !   3       jdk.internal.loader.URLClassPath$JarLoader::checkResource (78 bytes)
Event: 1.347 Thread 0x0000023988bf8b10 nmethod 704 0x00000239f3c7ee10 code [0x00000239f3c7ef80, 0x00000239f3c7f0d8]
Event: 1.347 Thread 0x00000239888848d0 nmethod 705 0x00000239ec2a3910 code [0x00000239ec2a3b60, 0x00000239ec2a45a8]

GC Heap History (0 events):
No events

Dll operation events (2 events):
Event: 0.012 Loaded shared library C:\Program Files\Android\Android Studio\jbr\bin\java.dll
Event: 0.261 Loaded shared library C:\Program Files\Android\Android Studio\jbr\bin\verify.dll

Deoptimization events (20 events):
Event: 0.989 Thread 0x00000239e74cb640 DEOPT PACKING pc=0x00000239f3c648c8 sp=0x0000004bc45fd140
Event: 0.990 Thread 0x00000239e74cb640 DEOPT UNPACKING pc=0x00000239f36f69a3 sp=0x0000004bc45fd0b8 mode 2
Event: 1.039 Thread 0x00000239e74cb640 Uncommon trap: trap_request=0xffffffde fr.pc=0x00000239f3c69198 relative=0x0000000000000f18
Event: 1.039 Thread 0x00000239e74cb640 Uncommon trap: reason=class_check action=maybe_recompile pc=0x00000239f3c69198 method=java.util.HashMap.putVal(ILjava/lang/Object;Ljava/lang/Object;ZZ)Ljava/lang/Object; @ 91 c2
Event: 1.039 Thread 0x00000239e74cb640 DEOPT PACKING pc=0x00000239f3c69198 sp=0x0000004bc45f9990
Event: 1.039 Thread 0x00000239e74cb640 DEOPT UNPACKING pc=0x00000239f36f69a3 sp=0x0000004bc45f9920 mode 2
Event: 1.074 Thread 0x00000239e74cb640 Uncommon trap: trap_request=0xffffffde fr.pc=0x00000239f3c69208 relative=0x0000000000000f88
Event: 1.074 Thread 0x00000239e74cb640 Uncommon trap: reason=class_check action=maybe_recompile pc=0x00000239f3c69208 method=java.util.HashMap.putVal(ILjava/lang/Object;Ljava/lang/Object;ZZ)Ljava/lang/Object; @ 203 c2
Event: 1.074 Thread 0x00000239e74cb640 DEOPT PACKING pc=0x00000239f3c69208 sp=0x0000004bc45f9940
Event: 1.074 Thread 0x00000239e74cb640 DEOPT UNPACKING pc=0x00000239f36f69a3 sp=0x0000004bc45f98d0 mode 2
Event: 1.076 Thread 0x00000239e74cb640 Uncommon trap: trap_request=0xffffffde fr.pc=0x00000239f3c69208 relative=0x0000000000000f88
Event: 1.076 Thread 0x00000239e74cb640 Uncommon trap: reason=class_check action=maybe_recompile pc=0x00000239f3c69208 method=java.util.HashMap.putVal(ILjava/lang/Object;Ljava/lang/Object;ZZ)Ljava/lang/Object; @ 203 c2
Event: 1.076 Thread 0x00000239e74cb640 DEOPT PACKING pc=0x00000239f3c69208 sp=0x0000004bc45f9940
Event: 1.076 Thread 0x00000239e74cb640 DEOPT UNPACKING pc=0x00000239f36f69a3 sp=0x0000004bc45f98d0 mode 2
Event: 1.142 Thread 0x00000239e74cb640 Uncommon trap: trap_request=0xffffffde fr.pc=0x00000239f3c69208 relative=0x0000000000000f88
Event: 1.142 Thread 0x00000239e74cb640 Uncommon trap: reason=class_check action=maybe_recompile pc=0x00000239f3c69208 method=java.util.HashMap.putVal(ILjava/lang/Object;Ljava/lang/Object;ZZ)Ljava/lang/Object; @ 203 c2
Event: 1.143 Thread 0x00000239e74cb640 DEOPT PACKING pc=0x00000239f3c69208 sp=0x0000004bc45fbec0
Event: 1.143 Thread 0x00000239e74cb640 DEOPT UNPACKING pc=0x00000239f36f69a3 sp=0x0000004bc45fbe50 mode 2
Event: 1.199 Thread 0x00000239e74cb640 DEOPT PACKING pc=0x00000239ec1a21d0 sp=0x0000004bc45fb8e0
Event: 1.199 Thread 0x00000239e74cb640 DEOPT UNPACKING pc=0x00000239f36f7143 sp=0x0000004bc45fada0 mode 0

Classes unloaded (0 events):
No events

Classes redefined (0 events):
No events

Internal exceptions (1 events):
Event: 0.516 Thread 0x00000239e74cb640 Exception <a 'java/lang/NoSuchMethodError'{0x0000000711f72b40}: 'int java.lang.invoke.DirectMethodHandle$Holder.invokeStaticInit(java.lang.Object, java.lang.Object)'> (0x0000000711f72b40) 
thrown [s\src\hotspot\share\interpreter\linkResolver.cpp, line 771]

VM Operations (4 events):
Event: 0.253 Executing VM operation: HandshakeAllThreads
Event: 0.253 Executing VM operation: HandshakeAllThreads done
Event: 1.254 Executing VM operation: Cleanup
Event: 1.254 Executing VM operation: Cleanup done

Events (20 events):
Event: 1.325 loading class java/lang/reflect/ProxyGenerator$PrimitiveTypeInfo
Event: 1.325 loading class java/lang/reflect/ProxyGenerator$PrimitiveTypeInfo done
Event: 1.325 loading class jdk/internal/org/objectweb/asm/Edge
Event: 1.325 loading class jdk/internal/org/objectweb/asm/Edge done
Event: 1.326 loading class java/lang/IllegalAccessException
Event: 1.327 loading class java/lang/IllegalAccessException done
Event: 1.327 loading class java/lang/reflect/UndeclaredThrowableException
Event: 1.327 loading class java/lang/reflect/UndeclaredThrowableException done
Event: 1.327 loading class java/lang/reflect/Proxy$ProxyBuilder$1
Event: 1.327 loading class java/lang/reflect/Proxy$ProxyBuilder$1 done
Event: 1.329 loading class java/lang/reflect/InvocationTargetException
Event: 1.329 loading class java/lang/reflect/InvocationTargetException done
Event: 1.338 loading class java/util/LinkedList$ListItr
Event: 1.338 loading class java/util/LinkedList$ListItr done
Event: 1.341 loading class java/util/concurrent/ConcurrentLinkedQueue
Event: 1.342 loading class java/util/concurrent/ConcurrentLinkedQueue done
Event: 1.342 loading class java/util/concurrent/ConcurrentLinkedQueue$Node
Event: 1.342 loading class java/util/concurrent/ConcurrentLinkedQueue$Node done
Event: 1.345 loading class java/lang/reflect/ParameterizedType
Event: 1.345 loading class java/lang/reflect/ParameterizedType done


Dynamic libraries:
0x00007ff6b0d40000 - 0x00007ff6b0d4a000 	C:\Program Files\Android\Android Studio\jbr\bin\java.exe
0x00007ffc979b0000 - 0x00007ffc97ba8000 	C:\Windows\SYSTEM32\ntdll.dll
0x00007ffc97320000 - 0x00007ffc973df000 	C:\Windows\System32\KERNEL32.DLL
0x00007ffc95390000 - 0x00007ffc9566a000 	C:\Windows\System32\KERNELBASE.dll
0x00007ffc950f0000 - 0x00007ffc951f0000 	C:\Windows\System32\ucrtbase.dll
0x00007ffc8f440000 - 0x00007ffc8f457000 	C:\Program Files\Android\Android Studio\jbr\bin\jli.dll
0x00007ffc96270000 - 0x00007ffc9640d000 	C:\Windows\System32\USER32.dll
0x00007ffc950c0000 - 0x00007ffc950e2000 	C:\Windows\System32\win32u.dll
0x00007ffc975c0000 - 0x00007ffc975eb000 	C:\Windows\System32\GDI32.dll
0x00007ffc957a0000 - 0x00007ffc958b0000 	C:\Windows\System32\gdi32full.dll
0x00007ffc952f0000 - 0x00007ffc9538d000 	C:\Windows\System32\msvcp_win.dll
0x00007ffc8f330000 - 0x00007ffc8f34b000 	C:\Program Files\Android\Android Studio\jbr\bin\VCRUNTIME140.dll
0x00007ffc795e0000 - 0x00007ffc7987a000 	C:\Windows\WinSxS\amd64_microsoft.windows.common-controls_6595b64144ccf1df_6.0.19041.1110_none_60b5254171f9507e\COMCTL32.dll
0x00007ffc974c0000 - 0x00007ffc9755e000 	C:\Windows\System32\msvcrt.dll
0x00007ffc96e10000 - 0x00007ffc96e40000 	C:\Windows\System32\IMM32.DLL
0x00007ffc925f0000 - 0x00007ffc925fc000 	C:\Program Files\Android\Android Studio\jbr\bin\vcruntime140_1.dll
0x00007ffc8d2b0000 - 0x00007ffc8d33d000 	C:\Program Files\Android\Android Studio\jbr\bin\msvcp140.dll
0x00007ffbf6b20000 - 0x00007ffbf778d000 	C:\Program Files\Android\Android Studio\jbr\bin\server\jvm.dll
0x00007ffc97270000 - 0x00007ffc9731e000 	C:\Windows\System32\ADVAPI32.dll
0x00007ffc95a10000 - 0x00007ffc95aac000 	C:\Windows\System32\sechost.dll
0x00007ffc97840000 - 0x00007ffc97966000 	C:\Windows\System32\RPCRT4.dll
0x00007ffc82ed0000 - 0x00007ffc82ed9000 	C:\Windows\SYSTEM32\WSOCK32.dll
0x00007ffc971a0000 - 0x00007ffc9720b000 	C:\Windows\System32\WS2_32.dll
0x00007ffc85680000 - 0x00007ffc856a7000 	C:\Windows\SYSTEM32\WINMM.dll
0x00007ffc8e390000 - 0x00007ffc8e39a000 	C:\Windows\SYSTEM32\VERSION.dll
0x00007ffc93160000 - 0x00007ffc93172000 	C:\Windows\SYSTEM32\kernel.appcore.dll
0x00007ffc8f320000 - 0x00007ffc8f32a000 	C:\Program Files\Android\Android Studio\jbr\bin\jimage.dll
0x00007ffc92d00000 - 0x00007ffc92ee4000 	C:\Windows\SYSTEM32\DBGHELP.DLL
0x00007ffc8ba10000 - 0x00007ffc8ba44000 	C:\Windows\SYSTEM32\dbgcore.DLL
0x00007ffc95670000 - 0x00007ffc956f2000 	C:\Windows\System32\bcryptPrimitives.dll
0x00007ffc8d280000 - 0x00007ffc8d2a5000 	C:\Program Files\Android\Android Studio\jbr\bin\java.dll
0x00007ffc8d260000 - 0x00007ffc8d278000 	C:\Program Files\Android\Android Studio\jbr\bin\zip.dll
0x00007ffc966c0000 - 0x00007ffc96e04000 	C:\Windows\System32\SHELL32.dll
0x00007ffc93180000 - 0x00007ffc93913000 	C:\Windows\SYSTEM32\windows.storage.dll
0x00007ffc96e40000 - 0x00007ffc97194000 	C:\Windows\System32\combase.dll
0x00007ffc94b20000 - 0x00007ffc94b4e000 	C:\Windows\SYSTEM32\Wldp.dll
0x00007ffc97730000 - 0x00007ffc977dd000 	C:\Windows\System32\SHCORE.dll
0x00007ffc97210000 - 0x00007ffc97265000 	C:\Windows\System32\shlwapi.dll
0x00007ffc95000000 - 0x00007ffc9501f000 	C:\Windows\SYSTEM32\profapi.dll
0x00007ffc8d240000 - 0x00007ffc8d259000 	C:\Program Files\Android\Android Studio\jbr\bin\net.dll
0x00007ffc8c670000 - 0x00007ffc8c77a000 	C:\Windows\SYSTEM32\WINHTTP.dll
0x00007ffc94880000 - 0x00007ffc948ea000 	C:\Windows\system32\mswsock.dll
0x00007ffc8d220000 - 0x00007ffc8d236000 	C:\Program Files\Android\Android Studio\jbr\bin\nio.dll
0x00007ffc8f300000 - 0x00007ffc8f310000 	C:\Program Files\Android\Android Studio\jbr\bin\verify.dll

dbghelp: loaded successfully - version: 4.0.5 - missing functions: none
symbol engine: initialized successfully - sym options: 0x614 - pdb path: .;C:\Program Files\Android\Android Studio\jbr\bin;C:\Windows\SYSTEM32;C:\Windows\WinSxS\amd64_microsoft.windows.common-controls_6595b64144ccf1df_6.0.19041.1110_none_60b5254171f9507e;C:\Program Files\Android\Android Studio\jbr\bin\server

VM Arguments:
jvm_args: -Dorg.gradle.appname=gradlew 
java_command: org.gradle.wrapper.GradleWrapperMain -q -Ptarget-platform=android-x86 -Ptarget=C:\Users\chid_\Downloads\loginSignup-master\loginSignup-master\lib\main.dart -Pbase-application-name=android.app.Application -Pdart-defines=RkxVVFRFUl9XRUJfQVVUT19ERVRFQ1Q9dHJ1ZQ== -Pdart-obfuscation=false -Ptrack-widget-creation=true -Ptree-shake-icons=false -Pfilesystem-scheme=org-dartlang-root assembleDebug
java_class_path (initial): C:\Users\chid_\Downloads\loginSignup-master\loginSignup-master\android\\gradle\wrapper\gradle-wrapper.jar
Launcher Type: SUN_STANDARD

[Global flags]
     intx CICompilerCount                          = 4                                         {product} {ergonomic}
     uint ConcGCThreads                            = 2                                         {product} {ergonomic}
     uint G1ConcRefinementThreads                  = 8                                         {product} {ergonomic}
   size_t G1HeapRegionSize                         = 2097152                                   {product} {ergonomic}
    uintx GCDrainStackTargetSize                   = 64                                        {product} {ergonomic}
   size_t InitialHeapSize                          = 266338304                                 {product} {ergonomic}
   size_t MarkStackSize                            = 4194304                                   {product} {ergonomic}
   size_t MaxHeapSize                              = 4257218560                                {product} {ergonomic}
   size_t MaxNewSize                               = 2554331136                                {product} {ergonomic}
   size_t MinHeapDeltaBytes                        = 2097152                                   {product} {ergonomic}
   size_t MinHeapSize                              = 8388608                                   {product} {ergonomic}
    uintx NonNMethodCodeHeapSize                   = 5839372                                {pd product} {ergonomic}
    uintx NonProfiledCodeHeapSize                  = 122909434                              {pd product} {ergonomic}
    uintx ProfiledCodeHeapSize                     = 122909434                              {pd product} {ergonomic}
    uintx ReservedCodeCacheSize                    = 251658240                              {pd product} {ergonomic}
     bool SegmentedCodeCache                       = true                                      {product} {ergonomic}
   size_t SoftMaxHeapSize                          = 4257218560                             {manageable} {ergonomic}
     bool UseCompressedClassPointers               = true                           {product lp64_product} {ergonomic}
     bool UseCompressedOops                        = true                           {product lp64_product} {ergonomic}
     bool UseG1GC                                  = true                                      {product} {ergonomic}
     bool UseLargePagesIndividualAllocation        = false                                  {pd product} {ergonomic}

Logging:
Log output configuration:
 #0: stdout all=warning uptime,level,tags
 #1: stderr all=off uptime,level,tags

Environment Variables:
JAVA_HOME=C:\Program Files\Android\Android Studio\jbr
CLASSPATH=C:\Users\chid_\Downloads\loginSignup-master\loginSignup-master\android\\gradle\wrapper\gradle-wrapper.jar
PATH=C:\flutter\bin\;C:\Users\chid_\AppData\Local\Programs\Python\Python310\Scripts\;C:\Users\chid_\AppData\Local\Programs\Python\Python310\;C:\Program Files (x86)\Common Files\Oracle\Java\javapath;C:\Windows\system32;C:\Windows;C:\Windows\System32\Wbem;C:\Windows\System32\WindowsPowerShell\v1.0\;C:\Windows\System32\OpenSSH\;C:\Program Files\PuTTY\;C:\Program Files\NVIDIA Corporation\NVIDIA NvDLISR;C:\Program Files (x86)\NVIDIA Corporation\PhysX\Common;C:\Program Files\dotnet\;C:\Program Files\nodejs\;C:\ProgramData\chocolatey\bin;C:\Program Files\Microsoft SQL Server\130\Tools\Binn\;C:\Program Files\Microsoft SQL Server\Client SDK\ODBC\170\Tools\Binn\;C:\Program Files\Microsoft SQL Server\150\Tools\Binn\;C:\Users\chid_\AppData\Local\Microsoft\WindowsApps;C:\Users\chid_\AppData\Local\Programs\Microsoft VS Code\bin;C:\Users\chid_\AppData\Local\Programs\Microsoft VS Code Insiders\bin;C:\Users\chid_\.dotnet\tools;C:\Users\chid_\AppData\Roaming\npm;C:\Users\chid_\AppData\Local\GitHubDesktop\bin;C:\flutter\bin;;C:\flutter\bin\mingit\cmd
USERNAME=chid_
LANG=en_US.UTF-8
OS=Windows_NT
PROCESSOR_IDENTIFIER=Intel64 Family 6 Model 158 Stepping 10, GenuineIntel
TMP=C:\Users\chid_\AppData\Local\Temp
TEMP=C:\Users\chid_\AppData\Local\Temp



---------------  S Y S T E M  ---------------

OS:
 Windows 10 , 64 bit Build 19041 (10.0.19041.2788)
OS uptime: 4 days 3:32 hours

CPU: total 8 (initial active 8) (4 cores per cpu, 2 threads per core) family 6 model 158 stepping 10 microcode 0xd2, cx8, cmov, fxsr, ht, mmx, 3dnowpref, sse, sse2, sse3, ssse3, sse4.1, sse4.2, popcnt, lzcnt, tsc, tscinvbit, avx, avx2, aes, erms, clmul, bmi1, bmi2, adx, fma, vzeroupper, clflush, clflushopt

Memory: 4k page, system-wide physical 16239M (933M free)
TotalPageFile size 45578M (AvailPageFile size 0M)
current process WorkingSet (physical memory assigned to process): 69M, peak: 69M
current process commit charge ("private bytes"): 349M, peak: 350M

vm_info: OpenJDK 64-Bit Server VM (17.0.6+0-b2043.56-9586694) for windows-amd64 JRE (17.0.6+0-b2043.56-9586694), built on Feb  9 2023 20:06:20 by "androidbuild" with MS VC++ 16.10 / 16.11 (VS2019)

END.
