#
# There is insufficient memory for the Java Runtime Environment to continue.
# Native memory allocation (mmap) failed to map 65536 bytes for Failed to commit metaspace.
# Possible reasons:
#   The system is out of physical RAM or swap space
#   The process is running with CompressedOops enabled, and the Java Heap may be blocking the growth of the native heap
# Possible solutions:
#   Reduce memory load on the system
#   Increase physical memory or swap space
#   Check if swap backing store is full
#   Decrease Java heap size (-Xmx/-Xms)
#   Decrease number of Java threads
#   Decrease Java thread stack sizes (-Xss)
#   Set larger code cache with -XX:ReservedCodeCacheSize=
#   JVM is running with Zero Based Compressed Oops mode in which the Java heap is
#     placed in the first 32GB address space. The Java Heap base address is the
#     maximum limit for the native heap growth. Please use -XX:HeapBaseMinAddress
#     to set the Java Heap base and to place the Java Heap above 32GB virtual address.
# This output file may be truncated or incomplete.
#
#  Out of Memory Error (virtualSpaceNode.cpp:110), pid=8812, tid=1264
#
# JRE version: OpenJDK Runtime Environment (17.0.6) (build 17.0.6+0-b2043.56-9586694)
# Java VM: OpenJDK 64-Bit Server VM (17.0.6+0-b2043.56-9586694, mixed mode, tiered, compressed oops, compressed class ptrs, g1 gc, windows-amd64)
# No core dump will be written. Minidumps are not enabled by default on client versions of Windows
#

---------------  S U M M A R Y ------------

Command Line: -Dorg.gradle.appname=gradlew org.gradle.wrapper.GradleWrapperMain -q -Ptarget-platform=android-x86 -Ptarget=C:\Users\chid_\Downloads\loginSignup-master\loginSignup-master\lib\main.dart -Pbase-application-name=android.app.Application -Pdart-defines=RkxVVFRFUl9XRUJfQVVUT19ERVRFQ1Q9dHJ1ZQ== -Pdart-obfuscation=false -Ptrack-widget-creation=true -Ptree-shake-icons=false -Pfilesystem-scheme=org-dartlang-root assembleDebug

Host: Intel(R) Core(TM) i5-8300H CPU @ 2.30GHz, 8 cores, 15G,  Windows 10 , 64 bit Build 19041 (10.0.19041.2788)
Time: Sun Apr 23 23:36:56 2023 SE Asia Standard Time elapsed time: 1.236199 seconds (0d 0h 0m 1s)

---------------  T H R E A D  ---------------

Current thread (0x000001ccb99dd1d0):  JavaThread "main" [_thread_in_vm, id=1264, stack(0x0000006a22e00000,0x0000006a22f00000)]

Stack: [0x0000006a22e00000,0x0000006a22f00000]
Native frames: (J=compiled Java code, j=interpreted, Vv=VM code, C=native code)
V  [jvm.dll+0x683b4a]
V  [jvm.dll+0x842654]
V  [jvm.dll+0x843dfe]
V  [jvm.dll+0x844463]
V  [jvm.dll+0x249b75]
V  [jvm.dll+0x83e6ab]
V  [jvm.dll+0x627fa6]
V  [jvm.dll+0x62800a]
V  [jvm.dll+0x62a81a]
V  [jvm.dll+0x628946]
V  [jvm.dll+0x632777]
V  [jvm.dll+0x1eda2b]
V  [jvm.dll+0x1edf65]
V  [jvm.dll+0x1ee884]
V  [jvm.dll+0x1e3dcc]
V  [jvm.dll+0x547f8d]
V  [jvm.dll+0x1f46eb]
V  [jvm.dll+0x7bc67b]
V  [jvm.dll+0x7bdac2]
V  [jvm.dll+0x7be259]
V  [jvm.dll+0x1eecf4]
V  [jvm.dll+0x1e3de5]
V  [jvm.dll+0x547f8d]
V  [jvm.dll+0x1f46eb]
V  [jvm.dll+0x7bc67b]
V  [jvm.dll+0x7bdac2]
V  [jvm.dll+0x7bddf8]
V  [jvm.dll+0x24190e]
V  [jvm.dll+0x38437e]
C  0x000001ccc43fb704

Java frames: (J=compiled Java code, j=interpreted, Vv=VM code)
j  java.util.concurrent.locks.ReentrantLock.<init>()V+5 java.base@17.0.6
j  java.util.concurrent.LinkedBlockingQueue.<init>(I)V+20 java.base@17.0.6
j  java.util.concurrent.LinkedBlockingQueue.<init>()V+3 java.base@17.0.6
j  org.slf4j.helpers.SubstituteLoggerFactory.<init>()V+25
j  org.slf4j.LoggerFactory.<clinit>()V+8
v  ~StubRoutines::call_stub
j  org.gradle.internal.concurrent.CompositeStoppable.<clinit>()V+2
v  ~StubRoutines::call_stub
j  org.gradle.internal.service.DefaultServiceRegistry$OwnServices.<init>(Lorg/gradle/internal/service/DefaultServiceRegistry;)V+29
j  org.gradle.internal.service.DefaultServiceRegistry.<init>(Ljava/lang/String;[Lorg/gradle/internal/service/ServiceRegistry;)V+29
j  org.gradle.internal.service.DefaultServiceRegistry.<init>()V+5
j  org.gradle.internal.logging.services.LoggingServiceRegistry.<init>()V+1
j  org.gradle.internal.logging.services.LoggingServiceRegistry$CommandLineLogging.<init>()V+1
j  org.gradle.internal.logging.services.LoggingServiceRegistry$CommandLineLogging.<init>(Lorg/gradle/internal/logging/services/LoggingServiceRegistry$1;)V+1
j  org.gradle.internal.logging.services.LoggingServiceRegistry.newCommandLineProcessLogging()Lorg/gradle/internal/logging/services/LoggingServiceRegistry;+5
j  org.gradle.launcher.cli.DefaultCommandLineActionFactory.createLoggingServices()Lorg/gradle/internal/service/ServiceRegistry;+0
j  org.gradle.launcher.cli.DefaultCommandLineActionFactory.convert(Ljava/util/List;)Lorg/gradle/launcher/bootstrap/CommandLineActionFactory$CommandLineExecution;+1
j  org.gradle.launcher.Main.doAction([Ljava/lang/String;Lorg/gradle/launcher/bootstrap/ExecutionListener;)V+8
j  org.gradle.launcher.bootstrap.EntryPoint.run([Ljava/lang/String;)V+12
v  ~StubRoutines::call_stub
j  jdk.internal.reflect.NativeMethodAccessorImpl.invoke0(Ljava/lang/reflect/Method;Ljava/lang/Object;[Ljava/lang/Object;)Ljava/lang/Object;+0 java.base@17.0.6
j  jdk.internal.reflect.NativeMethodAccessorImpl.invoke(Ljava/lang/Object;[Ljava/lang/Object;)Ljava/lang/Object;+133 java.base@17.0.6
j  jdk.internal.reflect.DelegatingMethodAccessorImpl.invoke(Ljava/lang/Object;[Ljava/lang/Object;)Ljava/lang/Object;+6 java.base@17.0.6
j  java.lang.reflect.Method.invoke(Ljava/lang/Object;[Ljava/lang/Object;)Ljava/lang/Object;+59 java.base@17.0.6
j  org.gradle.launcher.bootstrap.ProcessBootstrap.runNoExit(Ljava/lang/String;[Ljava/lang/String;)V+159
j  org.gradle.launcher.bootstrap.ProcessBootstrap.run(Ljava/lang/String;[Ljava/lang/String;)V+2
v  ~StubRoutines::call_stub
j  jdk.internal.reflect.NativeMethodAccessorImpl.invoke0(Ljava/lang/reflect/Method;Ljava/lang/Object;[Ljava/lang/Object;)Ljava/lang/Object;+0 java.base@17.0.6
j  jdk.internal.reflect.NativeMethodAccessorImpl.invoke(Ljava/lang/Object;[Ljava/lang/Object;)Ljava/lang/Object;+133 java.base@17.0.6
j  jdk.internal.reflect.DelegatingMethodAccessorImpl.invoke(Ljava/lang/Object;[Ljava/lang/Object;)Ljava/lang/Object;+6 java.base@17.0.6
j  java.lang.reflect.Method.invoke(Ljava/lang/Object;[Ljava/lang/Object;)Ljava/lang/Object;+59 java.base@17.0.6
j  org.gradle.launcher.GradleMain.main([Ljava/lang/String;)V+100
v  ~StubRoutines::call_stub
j  jdk.internal.reflect.NativeMethodAccessorImpl.invoke0(Ljava/lang/reflect/Method;Ljava/lang/Object;[Ljava/lang/Object;)Ljava/lang/Object;+0 java.base@17.0.6
j  jdk.internal.reflect.NativeMethodAccessorImpl.invoke(Ljava/lang/Object;[Ljava/lang/Object;)Ljava/lang/Object;+133 java.base@17.0.6
j  jdk.internal.reflect.DelegatingMethodAccessorImpl.invoke(Ljava/lang/Object;[Ljava/lang/Object;)Ljava/lang/Object;+6 java.base@17.0.6
j  java.lang.reflect.Method.invoke(Ljava/lang/Object;[Ljava/lang/Object;)Ljava/lang/Object;+59 java.base@17.0.6
j  org.gradle.wrapper.BootstrapMainStarter.start([Ljava/lang/String;Ljava/io/File;)V+82
j  org.gradle.wrapper.WrapperExecutor.execute([Ljava/lang/String;Lorg/gradle/wrapper/Install;Lorg/gradle/wrapper/BootstrapMainStarter;)V+14
j  org.gradle.wrapper.GradleWrapperMain.main([Ljava/lang/String;)V+190
v  ~StubRoutines::call_stub

---------------  P R O C E S S  ---------------

Threads class SMR info:
_java_thread_list=0x000001ccd8dd02c0, length=13, elements={
0x000001ccb99dd1d0, 0x000001ccd8303770, 0x000001ccd8c1b0d0, 0x000001ccd8c750b0,
0x000001ccd8c75a70, 0x000001ccd8c78ae0, 0x000001ccd8c79b40, 0x000001ccd8c3b080,
0x000001ccd8c40630, 0x000001ccd8c8e7c0, 0x000001ccd8e06550, 0x000001ccd8e2b060,
0x000001ccd91cd8f0
}

Java Threads: ( => current thread )
=>0x000001ccb99dd1d0 JavaThread "main" [_thread_in_vm, id=1264, stack(0x0000006a22e00000,0x0000006a22f00000)]
  0x000001ccd8303770 JavaThread "Reference Handler" daemon [_thread_blocked, id=6256, stack(0x0000006a23500000,0x0000006a23600000)]
  0x000001ccd8c1b0d0 JavaThread "Finalizer" daemon [_thread_blocked, id=17180, stack(0x0000006a23600000,0x0000006a23700000)]
  0x000001ccd8c750b0 JavaThread "Signal Dispatcher" daemon [_thread_blocked, id=23088, stack(0x0000006a23700000,0x0000006a23800000)]
  0x000001ccd8c75a70 JavaThread "Attach Listener" daemon [_thread_blocked, id=17672, stack(0x0000006a23800000,0x0000006a23900000)]
  0x000001ccd8c78ae0 JavaThread "Service Thread" daemon [_thread_blocked, id=11444, stack(0x0000006a23900000,0x0000006a23a00000)]
  0x000001ccd8c79b40 JavaThread "Monitor Deflation Thread" daemon [_thread_blocked, id=20408, stack(0x0000006a23a00000,0x0000006a23b00000)]
  0x000001ccd8c3b080 JavaThread "C2 CompilerThread0" daemon [_thread_blocked, id=9440, stack(0x0000006a23b00000,0x0000006a23c00000)]
  0x000001ccd8c40630 JavaThread "C1 CompilerThread0" daemon [_thread_blocked, id=2008, stack(0x0000006a23c00000,0x0000006a23d00000)]
  0x000001ccd8c8e7c0 JavaThread "Sweeper thread" daemon [_thread_blocked, id=15844, stack(0x0000006a23d00000,0x0000006a23e00000)]
  0x000001ccd8e06550 JavaThread "Notification Thread" daemon [_thread_blocked, id=19864, stack(0x0000006a23e00000,0x0000006a23f00000)]
  0x000001ccd8e2b060 JavaThread "Common-Cleaner" daemon [_thread_blocked, id=5216, stack(0x0000006a24000000,0x0000006a24100000)]
  0x000001ccd91cd8f0 JavaThread "C2 CompilerThread1" daemon [_thread_blocked, id=10080, stack(0x0000006a24100000,0x0000006a24200000)]

Other Threads:
  0x000001ccd8c58930 VMThread "VM Thread" [stack: 0x0000006a23400000,0x0000006a23500000] [id=21380] _threads_hazard_ptr=0x000001ccd8dd02c0
  0x000001ccb9a67020 WatcherThread [stack: 0x0000006a23f00000,0x0000006a24000000] [id=12192]
  0x000001ccb9a47f10 GCTaskThread "GC Thread#0" [stack: 0x0000006a22f00000,0x0000006a23000000] [id=12196]
  0x000001ccb9a58b20 ConcurrentGCThread "G1 Main Marker" [stack: 0x0000006a23000000,0x0000006a23100000] [id=17000]
  0x000001ccb9a59be0 ConcurrentGCThread "G1 Conc#0" [stack: 0x0000006a23100000,0x0000006a23200000] [id=3492]
  0x000001ccb9aaea60 ConcurrentGCThread "G1 Refine#0" [stack: 0x0000006a23200000,0x0000006a23300000] [id=16940]
  0x000001ccd81b48d0 ConcurrentGCThread "G1 Service" [stack: 0x0000006a23300000,0x0000006a23400000] [id=19632]

Threads with active compile tasks:

VM state: synchronizing (normal execution)

VM Mutex/Monitor currently owned by a thread:  ([mutex/lock_event])
[0x000001ccb99d9180] Metaspace_lock - owner thread: 0x000001ccb99dd1d0
[0x000001ccb99d8f40] Threads_lock - owner thread: 0x000001ccd8c58930

Heap address: 0x0000000702400000, size: 4060 MB, Compressed Oops mode: Zero based, Oop shift amount: 3

CDS archive(s) not mapped
Compressed class space mapped at: 0x0000000800000000-0x0000000840000000, reserved size: 1073741824
Narrow klass base: 0x0000000800000000, Narrow klass shift: 0, Narrow klass range: 0x40000000

GC Precious Log:
 CPUs: 8 total, 8 available
 Memory: 16239M
 Large Page Support: Disabled
 NUMA Support: Disabled
 Compressed Oops: Enabled (Zero based)
 Heap Region Size: 2M
 Heap Min Capacity: 8M
 Heap Initial Capacity: 254M
 Heap Max Capacity: 4060M
 Pre-touch: Disabled
 Parallel Workers: 8
 Concurrent Workers: 2
 Concurrent Refinement Workers: 8
 Periodic GC: Disabled

Heap:
 garbage-first heap   total 260096K, used 14336K [0x0000000702400000, 0x0000000800000000)
  region size 2048K, 7 young (14336K), 0 survivors (0K)
 Metaspace       used 8530K, committed 8640K, reserved 1056768K
  class space    used 755K, committed 832K, reserved 1048576K

Heap Regions: E=young(eden), S=young(survivor), O=old, HS=humongous(starts), HC=humongous(continues), CS=collection set, F=free, OA=open archive, CA=closed archive, TAMS=top-at-mark-start (previous, next)
|   0|0x0000000702400000, 0x0000000702600000, 0x0000000702600000|100%|HS|  |TAMS 0x0000000702400000, 0x0000000702400000| Complete 
|   1|0x0000000702600000, 0x0000000702800000, 0x0000000702800000|100%|HC|  |TAMS 0x0000000702600000, 0x0000000702600000| Complete 
|   2|0x0000000702800000, 0x0000000702800000, 0x0000000702a00000|  0%| F|  |TAMS 0x0000000702800000, 0x0000000702800000| Untracked 
|   3|0x0000000702a00000, 0x0000000702a00000, 0x0000000702c00000|  0%| F|  |TAMS 0x0000000702a00000, 0x0000000702a00000| Untracked 
|   4|0x0000000702c00000, 0x0000000702c00000, 0x0000000702e00000|  0%| F|  |TAMS 0x0000000702c00000, 0x0000000702c00000| Untracked 
|   5|0x0000000702e00000, 0x0000000702e00000, 0x0000000703000000|  0%| F|  |TAMS 0x0000000702e00000, 0x0000000702e00000| Untracked 
|   6|0x0000000703000000, 0x0000000703000000, 0x0000000703200000|  0%| F|  |TAMS 0x0000000703000000, 0x0000000703000000| Untracked 
|   7|0x0000000703200000, 0x0000000703200000, 0x0000000703400000|  0%| F|  |TAMS 0x0000000703200000, 0x0000000703200000| Untracked 
|   8|0x0000000703400000, 0x0000000703400000, 0x0000000703600000|  0%| F|  |TAMS 0x0000000703400000, 0x0000000703400000| Untracked 
|   9|0x0000000703600000, 0x0000000703600000, 0x0000000703800000|  0%| F|  |TAMS 0x0000000703600000, 0x0000000703600000| Untracked 
|  10|0x0000000703800000, 0x0000000703800000, 0x0000000703a00000|  0%| F|  |TAMS 0x0000000703800000, 0x0000000703800000| Untracked 
|  11|0x0000000703a00000, 0x0000000703a00000, 0x0000000703c00000|  0%| F|  |TAMS 0x0000000703a00000, 0x0000000703a00000| Untracked 
|  12|0x0000000703c00000, 0x0000000703c00000, 0x0000000703e00000|  0%| F|  |TAMS 0x0000000703c00000, 0x0000000703c00000| Untracked 
|  13|0x0000000703e00000, 0x0000000703e00000, 0x0000000704000000|  0%| F|  |TAMS 0x0000000703e00000, 0x0000000703e00000| Untracked 
|  14|0x0000000704000000, 0x0000000704000000, 0x0000000704200000|  0%| F|  |TAMS 0x0000000704000000, 0x0000000704000000| Untracked 
|  15|0x0000000704200000, 0x0000000704200000, 0x0000000704400000|  0%| F|  |TAMS 0x0000000704200000, 0x0000000704200000| Untracked 
|  16|0x0000000704400000, 0x0000000704400000, 0x0000000704600000|  0%| F|  |TAMS 0x0000000704400000, 0x0000000704400000| Untracked 
|  17|0x0000000704600000, 0x0000000704600000, 0x0000000704800000|  0%| F|  |TAMS 0x0000000704600000, 0x0000000704600000| Untracked 
|  18|0x0000000704800000, 0x0000000704800000, 0x0000000704a00000|  0%| F|  |TAMS 0x0000000704800000, 0x0000000704800000| Untracked 
|  19|0x0000000704a00000, 0x0000000704a00000, 0x0000000704c00000|  0%| F|  |TAMS 0x0000000704a00000, 0x0000000704a00000| Untracked 
|  20|0x0000000704c00000, 0x0000000704c00000, 0x0000000704e00000|  0%| F|  |TAMS 0x0000000704c00000, 0x0000000704c00000| Untracked 
|  21|0x0000000704e00000, 0x0000000704e00000, 0x0000000705000000|  0%| F|  |TAMS 0x0000000704e00000, 0x0000000704e00000| Untracked 
|  22|0x0000000705000000, 0x0000000705000000, 0x0000000705200000|  0%| F|  |TAMS 0x0000000705000000, 0x0000000705000000| Untracked 
|  23|0x0000000705200000, 0x0000000705200000, 0x0000000705400000|  0%| F|  |TAMS 0x0000000705200000, 0x0000000705200000| Untracked 
|  24|0x0000000705400000, 0x0000000705400000, 0x0000000705600000|  0%| F|  |TAMS 0x0000000705400000, 0x0000000705400000| Untracked 
|  25|0x0000000705600000, 0x0000000705600000, 0x0000000705800000|  0%| F|  |TAMS 0x0000000705600000, 0x0000000705600000| Untracked 
|  26|0x0000000705800000, 0x0000000705800000, 0x0000000705a00000|  0%| F|  |TAMS 0x0000000705800000, 0x0000000705800000| Untracked 
|  27|0x0000000705a00000, 0x0000000705a00000, 0x0000000705c00000|  0%| F|  |TAMS 0x0000000705a00000, 0x0000000705a00000| Untracked 
|  28|0x0000000705c00000, 0x0000000705c00000, 0x0000000705e00000|  0%| F|  |TAMS 0x0000000705c00000, 0x0000000705c00000| Untracked 
|  29|0x0000000705e00000, 0x0000000705e00000, 0x0000000706000000|  0%| F|  |TAMS 0x0000000705e00000, 0x0000000705e00000| Untracked 
|  30|0x0000000706000000, 0x0000000706000000, 0x0000000706200000|  0%| F|  |TAMS 0x0000000706000000, 0x0000000706000000| Untracked 
|  31|0x0000000706200000, 0x0000000706200000, 0x0000000706400000|  0%| F|  |TAMS 0x0000000706200000, 0x0000000706200000| Untracked 
|  32|0x0000000706400000, 0x0000000706400000, 0x0000000706600000|  0%| F|  |TAMS 0x0000000706400000, 0x0000000706400000| Untracked 
|  33|0x0000000706600000, 0x0000000706600000, 0x0000000706800000|  0%| F|  |TAMS 0x0000000706600000, 0x0000000706600000| Untracked 
|  34|0x0000000706800000, 0x0000000706800000, 0x0000000706a00000|  0%| F|  |TAMS 0x0000000706800000, 0x0000000706800000| Untracked 
|  35|0x0000000706a00000, 0x0000000706a00000, 0x0000000706c00000|  0%| F|  |TAMS 0x0000000706a00000, 0x0000000706a00000| Untracked 
|  36|0x0000000706c00000, 0x0000000706c00000, 0x0000000706e00000|  0%| F|  |TAMS 0x0000000706c00000, 0x0000000706c00000| Untracked 
|  37|0x0000000706e00000, 0x0000000706e00000, 0x0000000707000000|  0%| F|  |TAMS 0x0000000706e00000, 0x0000000706e00000| Untracked 
|  38|0x0000000707000000, 0x0000000707000000, 0x0000000707200000|  0%| F|  |TAMS 0x0000000707000000, 0x0000000707000000| Untracked 
|  39|0x0000000707200000, 0x0000000707200000, 0x0000000707400000|  0%| F|  |TAMS 0x0000000707200000, 0x0000000707200000| Untracked 
|  40|0x0000000707400000, 0x0000000707400000, 0x0000000707600000|  0%| F|  |TAMS 0x0000000707400000, 0x0000000707400000| Untracked 
|  41|0x0000000707600000, 0x0000000707600000, 0x0000000707800000|  0%| F|  |TAMS 0x0000000707600000, 0x0000000707600000| Untracked 
|  42|0x0000000707800000, 0x0000000707800000, 0x0000000707a00000|  0%| F|  |TAMS 0x0000000707800000, 0x0000000707800000| Untracked 
|  43|0x0000000707a00000, 0x0000000707a00000, 0x0000000707c00000|  0%| F|  |TAMS 0x0000000707a00000, 0x0000000707a00000| Untracked 
|  44|0x0000000707c00000, 0x0000000707c00000, 0x0000000707e00000|  0%| F|  |TAMS 0x0000000707c00000, 0x0000000707c00000| Untracked 
|  45|0x0000000707e00000, 0x0000000707e00000, 0x0000000708000000|  0%| F|  |TAMS 0x0000000707e00000, 0x0000000707e00000| Untracked 
|  46|0x0000000708000000, 0x0000000708000000, 0x0000000708200000|  0%| F|  |TAMS 0x0000000708000000, 0x0000000708000000| Untracked 
|  47|0x0000000708200000, 0x0000000708200000, 0x0000000708400000|  0%| F|  |TAMS 0x0000000708200000, 0x0000000708200000| Untracked 
|  48|0x0000000708400000, 0x0000000708400000, 0x0000000708600000|  0%| F|  |TAMS 0x0000000708400000, 0x0000000708400000| Untracked 
|  49|0x0000000708600000, 0x0000000708600000, 0x0000000708800000|  0%| F|  |TAMS 0x0000000708600000, 0x0000000708600000| Untracked 
|  50|0x0000000708800000, 0x0000000708800000, 0x0000000708a00000|  0%| F|  |TAMS 0x0000000708800000, 0x0000000708800000| Untracked 
|  51|0x0000000708a00000, 0x0000000708a00000, 0x0000000708c00000|  0%| F|  |TAMS 0x0000000708a00000, 0x0000000708a00000| Untracked 
|  52|0x0000000708c00000, 0x0000000708c00000, 0x0000000708e00000|  0%| F|  |TAMS 0x0000000708c00000, 0x0000000708c00000| Untracked 
|  53|0x0000000708e00000, 0x0000000708e00000, 0x0000000709000000|  0%| F|  |TAMS 0x0000000708e00000, 0x0000000708e00000| Untracked 
|  54|0x0000000709000000, 0x0000000709000000, 0x0000000709200000|  0%| F|  |TAMS 0x0000000709000000, 0x0000000709000000| Untracked 
|  55|0x0000000709200000, 0x0000000709200000, 0x0000000709400000|  0%| F|  |TAMS 0x0000000709200000, 0x0000000709200000| Untracked 
|  56|0x0000000709400000, 0x0000000709400000, 0x0000000709600000|  0%| F|  |TAMS 0x0000000709400000, 0x0000000709400000| Untracked 
|  57|0x0000000709600000, 0x0000000709600000, 0x0000000709800000|  0%| F|  |TAMS 0x0000000709600000, 0x0000000709600000| Untracked 
|  58|0x0000000709800000, 0x0000000709800000, 0x0000000709a00000|  0%| F|  |TAMS 0x0000000709800000, 0x0000000709800000| Untracked 
|  59|0x0000000709a00000, 0x0000000709a00000, 0x0000000709c00000|  0%| F|  |TAMS 0x0000000709a00000, 0x0000000709a00000| Untracked 
|  60|0x0000000709c00000, 0x0000000709c00000, 0x0000000709e00000|  0%| F|  |TAMS 0x0000000709c00000, 0x0000000709c00000| Untracked 
|  61|0x0000000709e00000, 0x0000000709e00000, 0x000000070a000000|  0%| F|  |TAMS 0x0000000709e00000, 0x0000000709e00000| Untracked 
|  62|0x000000070a000000, 0x000000070a000000, 0x000000070a200000|  0%| F|  |TAMS 0x000000070a000000, 0x000000070a000000| Untracked 
|  63|0x000000070a200000, 0x000000070a200000, 0x000000070a400000|  0%| F|  |TAMS 0x000000070a200000, 0x000000070a200000| Untracked 
|  64|0x000000070a400000, 0x000000070a400000, 0x000000070a600000|  0%| F|  |TAMS 0x000000070a400000, 0x000000070a400000| Untracked 
|  65|0x000000070a600000, 0x000000070a600000, 0x000000070a800000|  0%| F|  |TAMS 0x000000070a600000, 0x000000070a600000| Untracked 
|  66|0x000000070a800000, 0x000000070a800000, 0x000000070aa00000|  0%| F|  |TAMS 0x000000070a800000, 0x000000070a800000| Untracked 
|  67|0x000000070aa00000, 0x000000070aa00000, 0x000000070ac00000|  0%| F|  |TAMS 0x000000070aa00000, 0x000000070aa00000| Untracked 
|  68|0x000000070ac00000, 0x000000070ac00000, 0x000000070ae00000|  0%| F|  |TAMS 0x000000070ac00000, 0x000000070ac00000| Untracked 
|  69|0x000000070ae00000, 0x000000070ae00000, 0x000000070b000000|  0%| F|  |TAMS 0x000000070ae00000, 0x000000070ae00000| Untracked 
|  70|0x000000070b000000, 0x000000070b000000, 0x000000070b200000|  0%| F|  |TAMS 0x000000070b000000, 0x000000070b000000| Untracked 
|  71|0x000000070b200000, 0x000000070b200000, 0x000000070b400000|  0%| F|  |TAMS 0x000000070b200000, 0x000000070b200000| Untracked 
|  72|0x000000070b400000, 0x000000070b400000, 0x000000070b600000|  0%| F|  |TAMS 0x000000070b400000, 0x000000070b400000| Untracked 
|  73|0x000000070b600000, 0x000000070b600000, 0x000000070b800000|  0%| F|  |TAMS 0x000000070b600000, 0x000000070b600000| Untracked 
|  74|0x000000070b800000, 0x000000070b800000, 0x000000070ba00000|  0%| F|  |TAMS 0x000000070b800000, 0x000000070b800000| Untracked 
|  75|0x000000070ba00000, 0x000000070ba00000, 0x000000070bc00000|  0%| F|  |TAMS 0x000000070ba00000, 0x000000070ba00000| Untracked 
|  76|0x000000070bc00000, 0x000000070bc00000, 0x000000070be00000|  0%| F|  |TAMS 0x000000070bc00000, 0x000000070bc00000| Untracked 
|  77|0x000000070be00000, 0x000000070be00000, 0x000000070c000000|  0%| F|  |TAMS 0x000000070be00000, 0x000000070be00000| Untracked 
|  78|0x000000070c000000, 0x000000070c000000, 0x000000070c200000|  0%| F|  |TAMS 0x000000070c000000, 0x000000070c000000| Untracked 
|  79|0x000000070c200000, 0x000000070c200000, 0x000000070c400000|  0%| F|  |TAMS 0x000000070c200000, 0x000000070c200000| Untracked 
|  80|0x000000070c400000, 0x000000070c400000, 0x000000070c600000|  0%| F|  |TAMS 0x000000070c400000, 0x000000070c400000| Untracked 
|  81|0x000000070c600000, 0x000000070c600000, 0x000000070c800000|  0%| F|  |TAMS 0x000000070c600000, 0x000000070c600000| Untracked 
|  82|0x000000070c800000, 0x000000070c800000, 0x000000070ca00000|  0%| F|  |TAMS 0x000000070c800000, 0x000000070c800000| Untracked 
|  83|0x000000070ca00000, 0x000000070ca00000, 0x000000070cc00000|  0%| F|  |TAMS 0x000000070ca00000, 0x000000070ca00000| Untracked 
|  84|0x000000070cc00000, 0x000000070cc00000, 0x000000070ce00000|  0%| F|  |TAMS 0x000000070cc00000, 0x000000070cc00000| Untracked 
|  85|0x000000070ce00000, 0x000000070ce00000, 0x000000070d000000|  0%| F|  |TAMS 0x000000070ce00000, 0x000000070ce00000| Untracked 
|  86|0x000000070d000000, 0x000000070d000000, 0x000000070d200000|  0%| F|  |TAMS 0x000000070d000000, 0x000000070d000000| Untracked 
|  87|0x000000070d200000, 0x000000070d200000, 0x000000070d400000|  0%| F|  |TAMS 0x000000070d200000, 0x000000070d200000| Untracked 
|  88|0x000000070d400000, 0x000000070d400000, 0x000000070d600000|  0%| F|  |TAMS 0x000000070d400000, 0x000000070d400000| Untracked 
|  89|0x000000070d600000, 0x000000070d600000, 0x000000070d800000|  0%| F|  |TAMS 0x000000070d600000, 0x000000070d600000| Untracked 
|  90|0x000000070d800000, 0x000000070d800000, 0x000000070da00000|  0%| F|  |TAMS 0x000000070d800000, 0x000000070d800000| Untracked 
|  91|0x000000070da00000, 0x000000070da00000, 0x000000070dc00000|  0%| F|  |TAMS 0x000000070da00000, 0x000000070da00000| Untracked 
|  92|0x000000070dc00000, 0x000000070dc00000, 0x000000070de00000|  0%| F|  |TAMS 0x000000070dc00000, 0x000000070dc00000| Untracked 
|  93|0x000000070de00000, 0x000000070de00000, 0x000000070e000000|  0%| F|  |TAMS 0x000000070de00000, 0x000000070de00000| Untracked 
|  94|0x000000070e000000, 0x000000070e000000, 0x000000070e200000|  0%| F|  |TAMS 0x000000070e000000, 0x000000070e000000| Untracked 
|  95|0x000000070e200000, 0x000000070e200000, 0x000000070e400000|  0%| F|  |TAMS 0x000000070e200000, 0x000000070e200000| Untracked 
|  96|0x000000070e400000, 0x000000070e400000, 0x000000070e600000|  0%| F|  |TAMS 0x000000070e400000, 0x000000070e400000| Untracked 
|  97|0x000000070e600000, 0x000000070e600000, 0x000000070e800000|  0%| F|  |TAMS 0x000000070e600000, 0x000000070e600000| Untracked 
|  98|0x000000070e800000, 0x000000070e800000, 0x000000070ea00000|  0%| F|  |TAMS 0x000000070e800000, 0x000000070e800000| Untracked 
|  99|0x000000070ea00000, 0x000000070ea00000, 0x000000070ec00000|  0%| F|  |TAMS 0x000000070ea00000, 0x000000070ea00000| Untracked 
| 100|0x000000070ec00000, 0x000000070ec00000, 0x000000070ee00000|  0%| F|  |TAMS 0x000000070ec00000, 0x000000070ec00000| Untracked 
| 101|0x000000070ee00000, 0x000000070ee00000, 0x000000070f000000|  0%| F|  |TAMS 0x000000070ee00000, 0x000000070ee00000| Untracked 
| 102|0x000000070f000000, 0x000000070f000000, 0x000000070f200000|  0%| F|  |TAMS 0x000000070f000000, 0x000000070f000000| Untracked 
| 103|0x000000070f200000, 0x000000070f200000, 0x000000070f400000|  0%| F|  |TAMS 0x000000070f200000, 0x000000070f200000| Untracked 
| 104|0x000000070f400000, 0x000000070f400000, 0x000000070f600000|  0%| F|  |TAMS 0x000000070f400000, 0x000000070f400000| Untracked 
| 105|0x000000070f600000, 0x000000070f600000, 0x000000070f800000|  0%| F|  |TAMS 0x000000070f600000, 0x000000070f600000| Untracked 
| 106|0x000000070f800000, 0x000000070f800000, 0x000000070fa00000|  0%| F|  |TAMS 0x000000070f800000, 0x000000070f800000| Untracked 
| 107|0x000000070fa00000, 0x000000070fa00000, 0x000000070fc00000|  0%| F|  |TAMS 0x000000070fa00000, 0x000000070fa00000| Untracked 
| 108|0x000000070fc00000, 0x000000070fc00000, 0x000000070fe00000|  0%| F|  |TAMS 0x000000070fc00000, 0x000000070fc00000| Untracked 
| 109|0x000000070fe00000, 0x000000070fe00000, 0x0000000710000000|  0%| F|  |TAMS 0x000000070fe00000, 0x000000070fe00000| Untracked 
| 110|0x0000000710000000, 0x0000000710000000, 0x0000000710200000|  0%| F|  |TAMS 0x0000000710000000, 0x0000000710000000| Untracked 
| 111|0x0000000710200000, 0x0000000710200000, 0x0000000710400000|  0%| F|  |TAMS 0x0000000710200000, 0x0000000710200000| Untracked 
| 112|0x0000000710400000, 0x0000000710400000, 0x0000000710600000|  0%| F|  |TAMS 0x0000000710400000, 0x0000000710400000| Untracked 
| 113|0x0000000710600000, 0x0000000710600000, 0x0000000710800000|  0%| F|  |TAMS 0x0000000710600000, 0x0000000710600000| Untracked 
| 114|0x0000000710800000, 0x0000000710800000, 0x0000000710a00000|  0%| F|  |TAMS 0x0000000710800000, 0x0000000710800000| Untracked 
| 115|0x0000000710a00000, 0x0000000710a00000, 0x0000000710c00000|  0%| F|  |TAMS 0x0000000710a00000, 0x0000000710a00000| Untracked 
| 116|0x0000000710c00000, 0x0000000710c00000, 0x0000000710e00000|  0%| F|  |TAMS 0x0000000710c00000, 0x0000000710c00000| Untracked 
| 117|0x0000000710e00000, 0x0000000710e00000, 0x0000000711000000|  0%| F|  |TAMS 0x0000000710e00000, 0x0000000710e00000| Untracked 
| 118|0x0000000711000000, 0x0000000711000000, 0x0000000711200000|  0%| F|  |TAMS 0x0000000711000000, 0x0000000711000000| Untracked 
| 119|0x0000000711200000, 0x0000000711200000, 0x0000000711400000|  0%| F|  |TAMS 0x0000000711200000, 0x0000000711200000| Untracked 
| 120|0x0000000711400000, 0x0000000711558688, 0x0000000711600000| 67%| E|  |TAMS 0x0000000711400000, 0x0000000711400000| Complete 
| 121|0x0000000711600000, 0x0000000711800000, 0x0000000711800000|100%| E|  |TAMS 0x0000000711600000, 0x0000000711600000| Complete 
| 122|0x0000000711800000, 0x0000000711a00000, 0x0000000711a00000|100%| E|CS|TAMS 0x0000000711800000, 0x0000000711800000| Complete 
| 123|0x0000000711a00000, 0x0000000711c00000, 0x0000000711c00000|100%| E|CS|TAMS 0x0000000711a00000, 0x0000000711a00000| Complete 
| 124|0x0000000711c00000, 0x0000000711e00000, 0x0000000711e00000|100%| E|CS|TAMS 0x0000000711c00000, 0x0000000711c00000| Complete 
| 125|0x0000000711e00000, 0x0000000712000000, 0x0000000712000000|100%| E|CS|TAMS 0x0000000711e00000, 0x0000000711e00000| Complete 
| 126|0x0000000712000000, 0x0000000712200000, 0x0000000712200000|100%| E|CS|TAMS 0x0000000712000000, 0x0000000712000000| Complete 

Card table byte_map: [0x000001cccc9e0000,0x000001cccd1d0000] _byte_map_base: 0x000001ccc91ce000

Marking Bits (Prev, Next): (CMBitMap*) 0x000001ccb9a48430, (CMBitMap*) 0x000001ccb9a48470
 Prev Bits: [0x000001cccd9c0000, 0x000001ccd1930000)
 Next Bits: [0x000001ccd1930000, 0x000001ccd58a0000)

Polling page: 0x000001ccb7950000

Metaspace:

Usage:
  Non-class:      7.59 MB used.
      Class:    755.33 KB used.
       Both:      8.33 MB used.

Virtual space:
  Non-class space:        8.00 MB reserved,       7.62 MB ( 95%) committed,  1 nodes.
      Class space:        1.00 GB reserved,     832.00 KB ( <1%) committed,  1 nodes.
             Both:        1.01 GB reserved,       8.44 MB ( <1%) committed. 

Chunk freelists:
   Non-Class:  208.00 KB
       Class:  3.16 MB
        Both:  3.36 MB

MaxMetaspaceSize: unlimited
CompressedClassSpaceSize: 1.00 GB
Initial GC threshold: 21.00 MB
Current GC threshold: 21.00 MB
CDS: off
MetaspaceReclaimPolicy: balanced
 - commit_granule_bytes: 65536.
 - commit_granule_words: 8192.
 - virtual_space_node_default_size: 1048576.
 - enlarge_chunks_in_place: 1.
 - new_chunks_are_fully_committed: 0.
 - uncommit_free_chunks: 1.
 - use_allocation_guard: 0.
 - handle_deallocations: 1.


Internal statistics:

num_allocs_failed_limit: 0.
num_arena_births: 14.
num_arena_deaths: 0.
num_vsnodes_births: 2.
num_vsnodes_deaths: 0.
num_space_committed: 135.
num_space_uncommitted: 0.
num_chunks_returned_to_freelist: 0.
num_chunks_taken_from_freelist: 64.
num_chunk_merges: 0.
num_chunk_splits: 31.
num_chunks_enlarged: 27.
num_purges: 0.
num_inconsistent_stats: 0.

CodeHeap 'non-profiled nmethods': size=120000Kb used=208Kb max_used=208Kb free=119791Kb
 bounds [0x000001ccc4980000, 0x000001ccc4bf0000, 0x000001cccbeb0000]
CodeHeap 'profiled nmethods': size=120000Kb used=947Kb max_used=947Kb free=119052Kb
 bounds [0x000001ccbceb0000, 0x000001ccbd120000, 0x000001ccc43e0000]
CodeHeap 'non-nmethods': size=5760Kb used=1125Kb max_used=1161Kb free=4634Kb
 bounds [0x000001ccc43e0000, 0x000001ccc4650000, 0x000001ccc4980000]
 total_blobs=997 nmethods=589 adapters=321
 compilation: enabled
              stopped_count=0, restarted_count=0
 full_count=0

Compilation events (20 events):
Event: 1.217 Thread 0x000001ccd8c40630 nmethod 579 0x000001ccc49b2b10 code [0x000001ccc49b2ca0, 0x000001ccc49b2d78]
Event: 1.222 Thread 0x000001ccd8c3b080  580       4       java.lang.StringLatin1::replace (198 bytes)
Event: 1.222 Thread 0x000001ccd8c40630  582       3       java.lang.String::newStringUTF8NoRepl (274 bytes)
Event: 1.224 Thread 0x000001ccd8c40630 nmethod 582 0x000001ccbcf98b90 code [0x000001ccbcf98e40, 0x000001ccbcf99f18]
Event: 1.224 Thread 0x000001ccd8c40630  581       3       java.lang.System$2::newStringUTF8NoRepl (7 bytes)
Event: 1.224 Thread 0x000001ccd8c40630 nmethod 581 0x000001ccbcf9a490 code [0x000001ccbcf9a620, 0x000001ccbcf9a768]
Event: 1.227 Thread 0x000001ccd8c40630  585       3       java.util.jar.Attributes::get (11 bytes)
Event: 1.227 Thread 0x000001ccd8c40630 nmethod 585 0x000001ccbcf9a810 code [0x000001ccbcf9a9c0, 0x000001ccbcf9aba8]
Event: 1.227 Thread 0x000001ccd8c40630  584       3       java.util.jar.Attributes::getValue (9 bytes)
Event: 1.227 Thread 0x000001ccd8c40630 nmethod 584 0x000001ccbcf9ac90 code [0x000001ccbcf9ae40, 0x000001ccbcf9b168]
Event: 1.227 Thread 0x000001ccd8c40630  583       1       jdk.internal.loader.URLClassPath$Loader::getBaseURL (5 bytes)
Event: 1.228 Thread 0x000001ccd8c40630 nmethod 583 0x000001ccc49b2e10 code [0x000001ccc49b2fa0, 0x000001ccc49b3078]
Event: 1.229 Thread 0x000001ccd8c40630  586   !   3       java.lang.ClassLoader::loadClass (121 bytes)
Event: 1.231 Thread 0x000001ccd8c40630 nmethod 586 0x000001ccbcf9b290 code [0x000001ccbcf9b540, 0x000001ccbcf9c208]
Event: 1.231 Thread 0x000001ccd8c40630  588  s    3       jdk.internal.loader.Resource::cachedInputStream (20 bytes)
Event: 1.231 Thread 0x000001ccd8c40630 nmethod 588 0x000001ccbcf9c890 code [0x000001ccbcf9ca40, 0x000001ccbcf9ce08]
Event: 1.231 Thread 0x000001ccd8c40630  587       1       java.util.jar.Manifest::getEntries (5 bytes)
Event: 1.231 Thread 0x000001ccd8c40630 nmethod 587 0x000001ccc49b3110 code [0x000001ccc49b32a0, 0x000001ccc49b3378]
Event: 1.231 Thread 0x000001ccd8c40630  589       1       java.util.zip.ZipEntry::getCrc (5 bytes)
Event: 1.231 Thread 0x000001ccd8c40630 nmethod 589 0x000001ccc49b3410 code [0x000001ccc49b35a0, 0x000001ccc49b3678]

GC Heap History (0 events):
No events

Dll operation events (2 events):
Event: 0.010 Loaded shared library C:\Program Files\Android\Android Studio\jbr\bin\java.dll
Event: 0.259 Loaded shared library C:\Program Files\Android\Android Studio\jbr\bin\verify.dll

Deoptimization events (20 events):
Event: 0.987 Thread 0x000001ccb99dd1d0 DEOPT PACKING pc=0x000001ccc4988080 sp=0x0000006a22efd060
Event: 0.987 Thread 0x000001ccb99dd1d0 DEOPT UNPACKING pc=0x000001ccc44369a3 sp=0x0000006a22efcfa0 mode 2
Event: 1.092 Thread 0x000001ccb99dd1d0 Uncommon trap: trap_request=0xffffff45 fr.pc=0x000001ccc49a4150 relative=0x0000000000000670
Event: 1.092 Thread 0x000001ccb99dd1d0 Uncommon trap: reason=unstable_if action=reinterpret pc=0x000001ccc49a4150 method=java.util.zip.ZipFile$Source.checkAndAddEntry(II)I @ 50 c2
Event: 1.092 Thread 0x000001ccb99dd1d0 DEOPT PACKING pc=0x000001ccc49a4150 sp=0x0000006a22efcf60
Event: 1.093 Thread 0x000001ccb99dd1d0 DEOPT UNPACKING pc=0x000001ccc44369a3 sp=0x0000006a22efced8 mode 2
Event: 1.127 Thread 0x000001ccb99dd1d0 Uncommon trap: trap_request=0xffffffde fr.pc=0x000001ccc49a9780 relative=0x0000000000000f80
Event: 1.127 Thread 0x000001ccb99dd1d0 Uncommon trap: reason=class_check action=maybe_recompile pc=0x000001ccc49a9780 method=java.util.HashMap.putVal(ILjava/lang/Object;Ljava/lang/Object;ZZ)Ljava/lang/Object; @ 91 c2
Event: 1.127 Thread 0x000001ccb99dd1d0 DEOPT PACKING pc=0x000001ccc49a9780 sp=0x0000006a22ef97f0
Event: 1.127 Thread 0x000001ccb99dd1d0 DEOPT UNPACKING pc=0x000001ccc44369a3 sp=0x0000006a22ef9728 mode 2
Event: 1.183 Thread 0x000001ccb99dd1d0 Uncommon trap: trap_request=0xffffffde fr.pc=0x000001ccc49a97d4 relative=0x0000000000000fd4
Event: 1.183 Thread 0x000001ccb99dd1d0 Uncommon trap: reason=class_check action=maybe_recompile pc=0x000001ccc49a97d4 method=java.util.HashMap.putVal(ILjava/lang/Object;Ljava/lang/Object;ZZ)Ljava/lang/Object; @ 203 c2
Event: 1.183 Thread 0x000001ccb99dd1d0 DEOPT PACKING pc=0x000001ccc49a97d4 sp=0x0000006a22ef97f0
Event: 1.183 Thread 0x000001ccb99dd1d0 DEOPT UNPACKING pc=0x000001ccc44369a3 sp=0x0000006a22ef9728 mode 2
Event: 1.185 Thread 0x000001ccb99dd1d0 Uncommon trap: trap_request=0xffffffde fr.pc=0x000001ccc49a97d4 relative=0x0000000000000fd4
Event: 1.185 Thread 0x000001ccb99dd1d0 Uncommon trap: reason=class_check action=maybe_recompile pc=0x000001ccc49a97d4 method=java.util.HashMap.putVal(ILjava/lang/Object;Ljava/lang/Object;ZZ)Ljava/lang/Object; @ 203 c2
Event: 1.185 Thread 0x000001ccb99dd1d0 DEOPT PACKING pc=0x000001ccc49a97d4 sp=0x0000006a22ef97f0
Event: 1.185 Thread 0x000001ccb99dd1d0 DEOPT UNPACKING pc=0x000001ccc44369a3 sp=0x0000006a22ef9728 mode 2
Event: 1.222 Thread 0x000001ccb99dd1d0 DEOPT PACKING pc=0x000001ccbcee0350 sp=0x0000006a22efbfd0
Event: 1.222 Thread 0x000001ccb99dd1d0 DEOPT UNPACKING pc=0x000001ccc4437143 sp=0x0000006a22efb490 mode 0

Classes unloaded (0 events):
No events

Classes redefined (0 events):
No events

Internal exceptions (1 events):
Event: 0.574 Thread 0x000001ccb99dd1d0 Exception <a 'java/lang/NoSuchMethodError'{0x0000000711f72a28}: 'int java.lang.invoke.DirectMethodHandle$Holder.invokeStaticInit(java.lang.Object, java.lang.Object)'> (0x0000000711f72a28) 
thrown [s\src\hotspot\share\interpreter\linkResolver.cpp, line 771]

VM Operations (2 events):
Event: 0.249 Executing VM operation: HandshakeAllThreads
Event: 0.249 Executing VM operation: HandshakeAllThreads done

Events (20 events):
Event: 1.098 loading class java/util/AbstractSequentialList done
Event: 1.098 loading class java/util/LinkedList done
Event: 1.099 loading class java/util/LinkedList$Node
Event: 1.099 loading class java/util/LinkedList$Node done
Event: 1.218 loading class java/util/concurrent/atomic/AtomicReference
Event: 1.218 loading class java/util/concurrent/atomic/AtomicReference done
Event: 1.218 loading class java/lang/invoke/VarHandleReferences$FieldInstanceReadWrite
Event: 1.218 loading class java/lang/invoke/VarHandleReferences$FieldInstanceReadOnly
Event: 1.219 loading class java/lang/invoke/VarHandleReferences$FieldInstanceReadOnly done
Event: 1.219 loading class java/lang/invoke/VarHandleReferences$FieldInstanceReadWrite done
Event: 1.225 loading class java/lang/NoSuchFieldError
Event: 1.225 loading class java/lang/NoSuchFieldError done
Event: 1.230 loading class java/util/concurrent/LinkedBlockingQueue
Event: 1.230 loading class java/util/concurrent/BlockingQueue
Event: 1.231 loading class java/util/concurrent/BlockingQueue done
Event: 1.231 loading class java/util/AbstractQueue
Event: 1.231 loading class java/util/AbstractQueue done
Event: 1.231 loading class java/util/concurrent/LinkedBlockingQueue done
Event: 1.231 loading class java/util/concurrent/locks/ReentrantLock$NonfairSync
Event: 1.231 loading class java/util/concurrent/locks/ReentrantLock$Sync


Dynamic libraries:
0x00007ff6b0d40000 - 0x00007ff6b0d4a000 	C:\Program Files\Android\Android Studio\jbr\bin\java.exe
0x00007ffc979b0000 - 0x00007ffc97ba8000 	C:\Windows\SYSTEM32\ntdll.dll
0x00007ffc97320000 - 0x00007ffc973df000 	C:\Windows\System32\KERNEL32.DLL
0x00007ffc95390000 - 0x00007ffc9566a000 	C:\Windows\System32\KERNELBASE.dll
0x00007ffc950f0000 - 0x00007ffc951f0000 	C:\Windows\System32\ucrtbase.dll
0x00007ffc8f440000 - 0x00007ffc8f457000 	C:\Program Files\Android\Android Studio\jbr\bin\jli.dll
0x00007ffc8f330000 - 0x00007ffc8f34b000 	C:\Program Files\Android\Android Studio\jbr\bin\VCRUNTIME140.dll
0x00007ffc96270000 - 0x00007ffc9640d000 	C:\Windows\System32\USER32.dll
0x00007ffc950c0000 - 0x00007ffc950e2000 	C:\Windows\System32\win32u.dll
0x00007ffc795e0000 - 0x00007ffc7987a000 	C:\Windows\WinSxS\amd64_microsoft.windows.common-controls_6595b64144ccf1df_6.0.19041.1110_none_60b5254171f9507e\COMCTL32.dll
0x00007ffc974c0000 - 0x00007ffc9755e000 	C:\Windows\System32\msvcrt.dll
0x00007ffc975c0000 - 0x00007ffc975eb000 	C:\Windows\System32\GDI32.dll
0x00007ffc957a0000 - 0x00007ffc958b0000 	C:\Windows\System32\gdi32full.dll
0x00007ffc952f0000 - 0x00007ffc9538d000 	C:\Windows\System32\msvcp_win.dll
0x00007ffc96e10000 - 0x00007ffc96e40000 	C:\Windows\System32\IMM32.DLL
0x00007ffc925f0000 - 0x00007ffc925fc000 	C:\Program Files\Android\Android Studio\jbr\bin\vcruntime140_1.dll
0x00007ffc8d2b0000 - 0x00007ffc8d33d000 	C:\Program Files\Android\Android Studio\jbr\bin\msvcp140.dll
0x00007ffbf6b20000 - 0x00007ffbf778d000 	C:\Program Files\Android\Android Studio\jbr\bin\server\jvm.dll
0x00007ffc97270000 - 0x00007ffc9731e000 	C:\Windows\System32\ADVAPI32.dll
0x00007ffc95a10000 - 0x00007ffc95aac000 	C:\Windows\System32\sechost.dll
0x00007ffc97840000 - 0x00007ffc97966000 	C:\Windows\System32\RPCRT4.dll
0x00007ffc82ed0000 - 0x00007ffc82ed9000 	C:\Windows\SYSTEM32\WSOCK32.dll
0x00007ffc85680000 - 0x00007ffc856a7000 	C:\Windows\SYSTEM32\WINMM.dll
0x00007ffc971a0000 - 0x00007ffc9720b000 	C:\Windows\System32\WS2_32.dll
0x00007ffc8e390000 - 0x00007ffc8e39a000 	C:\Windows\SYSTEM32\VERSION.dll
0x00007ffc93160000 - 0x00007ffc93172000 	C:\Windows\SYSTEM32\kernel.appcore.dll
0x00007ffc8f320000 - 0x00007ffc8f32a000 	C:\Program Files\Android\Android Studio\jbr\bin\jimage.dll
0x00007ffc92d00000 - 0x00007ffc92ee4000 	C:\Windows\SYSTEM32\DBGHELP.DLL
0x00007ffc8ba10000 - 0x00007ffc8ba44000 	C:\Windows\SYSTEM32\dbgcore.DLL
0x00007ffc95670000 - 0x00007ffc956f2000 	C:\Windows\System32\bcryptPrimitives.dll
0x00007ffc8d280000 - 0x00007ffc8d2a5000 	C:\Program Files\Android\Android Studio\jbr\bin\java.dll
0x00007ffc8d260000 - 0x00007ffc8d278000 	C:\Program Files\Android\Android Studio\jbr\bin\zip.dll
0x00007ffc966c0000 - 0x00007ffc96e04000 	C:\Windows\System32\SHELL32.dll
0x00007ffc93180000 - 0x00007ffc93913000 	C:\Windows\SYSTEM32\windows.storage.dll
0x00007ffc96e40000 - 0x00007ffc97194000 	C:\Windows\System32\combase.dll
0x00007ffc94b20000 - 0x00007ffc94b4e000 	C:\Windows\SYSTEM32\Wldp.dll
0x00007ffc97730000 - 0x00007ffc977dd000 	C:\Windows\System32\SHCORE.dll
0x00007ffc97210000 - 0x00007ffc97265000 	C:\Windows\System32\shlwapi.dll
0x00007ffc95000000 - 0x00007ffc9501f000 	C:\Windows\SYSTEM32\profapi.dll
0x00007ffc8d240000 - 0x00007ffc8d259000 	C:\Program Files\Android\Android Studio\jbr\bin\net.dll
0x00007ffc8c670000 - 0x00007ffc8c77a000 	C:\Windows\SYSTEM32\WINHTTP.dll
0x00007ffc94880000 - 0x00007ffc948ea000 	C:\Windows\system32\mswsock.dll
0x00007ffc8d220000 - 0x00007ffc8d236000 	C:\Program Files\Android\Android Studio\jbr\bin\nio.dll
0x00007ffc8f300000 - 0x00007ffc8f310000 	C:\Program Files\Android\Android Studio\jbr\bin\verify.dll

dbghelp: loaded successfully - version: 4.0.5 - missing functions: none
symbol engine: initialized successfully - sym options: 0x614 - pdb path: .;C:\Program Files\Android\Android Studio\jbr\bin;C:\Windows\SYSTEM32;C:\Windows\WinSxS\amd64_microsoft.windows.common-controls_6595b64144ccf1df_6.0.19041.1110_none_60b5254171f9507e;C:\Program Files\Android\Android Studio\jbr\bin\server

VM Arguments:
jvm_args: -Dorg.gradle.appname=gradlew 
java_command: org.gradle.wrapper.GradleWrapperMain -q -Ptarget-platform=android-x86 -Ptarget=C:\Users\chid_\Downloads\loginSignup-master\loginSignup-master\lib\main.dart -Pbase-application-name=android.app.Application -Pdart-defines=RkxVVFRFUl9XRUJfQVVUT19ERVRFQ1Q9dHJ1ZQ== -Pdart-obfuscation=false -Ptrack-widget-creation=true -Ptree-shake-icons=false -Pfilesystem-scheme=org-dartlang-root assembleDebug
java_class_path (initial): C:\Users\chid_\Downloads\loginSignup-master\loginSignup-master\android\\gradle\wrapper\gradle-wrapper.jar
Launcher Type: SUN_STANDARD

[Global flags]
     intx CICompilerCount                          = 4                                         {product} {ergonomic}
     uint ConcGCThreads                            = 2                                         {product} {ergonomic}
     uint G1ConcRefinementThreads                  = 8                                         {product} {ergonomic}
   size_t G1HeapRegionSize                         = 2097152                                   {product} {ergonomic}
    uintx GCDrainStackTargetSize                   = 64                                        {product} {ergonomic}
   size_t InitialHeapSize                          = 266338304                                 {product} {ergonomic}
   size_t MarkStackSize                            = 4194304                                   {product} {ergonomic}
   size_t MaxHeapSize                              = 4257218560                                {product} {ergonomic}
   size_t MaxNewSize                               = 2554331136                                {product} {ergonomic}
   size_t MinHeapDeltaBytes                        = 2097152                                   {product} {ergonomic}
   size_t MinHeapSize                              = 8388608                                   {product} {ergonomic}
    uintx NonNMethodCodeHeapSize                   = 5839372                                {pd product} {ergonomic}
    uintx NonProfiledCodeHeapSize                  = 122909434                              {pd product} {ergonomic}
    uintx ProfiledCodeHeapSize                     = 122909434                              {pd product} {ergonomic}
    uintx ReservedCodeCacheSize                    = 251658240                              {pd product} {ergonomic}
     bool SegmentedCodeCache                       = true                                      {product} {ergonomic}
   size_t SoftMaxHeapSize                          = 4257218560                             {manageable} {ergonomic}
     bool UseCompressedClassPointers               = true                           {product lp64_product} {ergonomic}
     bool UseCompressedOops                        = true                           {product lp64_product} {ergonomic}
     bool UseG1GC                                  = true                                      {product} {ergonomic}
     bool UseLargePagesIndividualAllocation        = false                                  {pd product} {ergonomic}

Logging:
Log output configuration:
 #0: stdout all=warning uptime,level,tags
 #1: stderr all=off uptime,level,tags

Environment Variables:
JAVA_HOME=C:\Program Files\Android\Android Studio\jbr
CLASSPATH=C:\Users\chid_\Downloads\loginSignup-master\loginSignup-master\android\\gradle\wrapper\gradle-wrapper.jar
PATH=C:\flutter\bin\;C:\Users\chid_\AppData\Local\Programs\Python\Python310\Scripts\;C:\Users\chid_\AppData\Local\Programs\Python\Python310\;C:\Program Files (x86)\Common Files\Oracle\Java\javapath;C:\Windows\system32;C:\Windows;C:\Windows\System32\Wbem;C:\Windows\System32\WindowsPowerShell\v1.0\;C:\Windows\System32\OpenSSH\;C:\Program Files\PuTTY\;C:\Program Files\NVIDIA Corporation\NVIDIA NvDLISR;C:\Program Files (x86)\NVIDIA Corporation\PhysX\Common;C:\Program Files\dotnet\;C:\Program Files\nodejs\;C:\ProgramData\chocolatey\bin;C:\Program Files\Microsoft SQL Server\130\Tools\Binn\;C:\Program Files\Microsoft SQL Server\Client SDK\ODBC\170\Tools\Binn\;C:\Program Files\Microsoft SQL Server\150\Tools\Binn\;C:\Users\chid_\AppData\Local\Microsoft\WindowsApps;C:\Users\chid_\AppData\Local\Programs\Microsoft VS Code\bin;C:\Users\chid_\AppData\Local\Programs\Microsoft VS Code Insiders\bin;C:\Users\chid_\.dotnet\tools;C:\Users\chid_\AppData\Roaming\npm;C:\Users\chid_\AppData\Local\GitHubDesktop\bin;C:\flutter\bin;;C:\flutter\bin\mingit\cmd
USERNAME=chid_
LANG=en_US.UTF-8
OS=Windows_NT
PROCESSOR_IDENTIFIER=Intel64 Family 6 Model 158 Stepping 10, GenuineIntel
TMP=C:\Users\chid_\AppData\Local\Temp
TEMP=C:\Users\chid_\AppData\Local\Temp



---------------  S Y S T E M  ---------------

OS:
 Windows 10 , 64 bit Build 19041 (10.0.19041.2788)
OS uptime: 4 days 3:32 hours

CPU: total 8 (initial active 8) (4 cores per cpu, 2 threads per core) family 6 model 158 stepping 10 microcode 0xd2, cx8, cmov, fxsr, ht, mmx, 3dnowpref, sse, sse2, sse3, ssse3, sse4.1, sse4.2, popcnt, lzcnt, tsc, tscinvbit, avx, avx2, aes, erms, clmul, bmi1, bmi2, adx, fma, vzeroupper, clflush, clflushopt

Memory: 4k page, system-wide physical 16239M (888M free)
TotalPageFile size 45578M (AvailPageFile size 0M)
current process WorkingSet (physical memory assigned to process): 59M, peak: 59M
current process commit charge ("private bytes"): 345M, peak: 345M

vm_info: OpenJDK 64-Bit Server VM (17.0.6+0-b2043.56-9586694) for windows-amd64 JRE (17.0.6+0-b2043.56-9586694), built on Feb  9 2023 20:06:20 by "androidbuild" with MS VC++ 16.10 / 16.11 (VS2019)

END.
